2022-09-24 13:40:38 INFO  Utils - [TestNG] Running:
  C:\Users\vivek.zambre\git\MasterFramework\MasterFramework\src\test\resources\RunnerFiles\testng.xml

2022-09-24 13:40:39 INFO  SetUp - Test Case_VerifyCRMLogin_Successfully Started
2022-09-24 13:40:53 INFO  WebDriverManager - Using chromedriver 105.0.5195.52 (resolved driver for Chrome 105)
2022-09-24 13:40:53 INFO  WebDriverManager - Exporting webdriver.chrome.driver as C:\Users\vivek.zambre\.cache\selenium\chromedriver\win32\105.0.5195.52\chromedriver.exe
2022-09-24 13:40:56 INFO  SetUp - Chrome Browser Launched..
2022-09-24 13:41:15 INFO  SetUp - URL : https://tucltest.crmnext.com/GOLD7_Dev/app/login/login
2022-09-24 13:41:16 INFO  ScreenShot - ScreenShot captured LoginPage || Status :Pass
2022-09-24 13:41:16 INFO  CommonMethods - Sucessfully clicked on Username_XPATH
2022-09-24 13:41:17 INFO  CommonMethods - Data sucessfully entered on Username_XPATH = apowle
2022-09-24 13:41:18 INFO  CommonMethods - Sucessfully clicked on password_XPATH
2022-09-24 13:41:20 INFO  CommonMethods - Data sucessfully entered on password_XPATH = acid_qa
2022-09-24 13:42:11 INFO  CommonMethods - Sucessfully clicked on loginBtn_XPATH
2022-09-24 13:42:18 INFO  CommonMethods - Sucessfully clicked on CaseObject_XPATH
2022-09-24 13:42:29 INFO  CommonMethods - Sucessfully clicked on RequestType_XPATH
2022-09-24 13:42:32 INFO  CommonMethods - Sucessfully clicked on RequestSearchBox_XPATH
2022-09-24 13:42:33 INFO  CommonMethods - Data sucessfully entered on RequestSearchBox_XPATH = Account ownership
2022-09-24 13:42:37 INFO  CommonMethods - Sucessfully clicked on EnterArrow_XPATH
2022-09-24 13:42:40 INFO  CommonMethods - Sucessfully clicked on selectAccountOwnership_XPATH
2022-09-24 13:42:40 ERROR SetUp - VerifyCRMLogin Get Failed due to 
no such element: Unable to locate element: {"method":"xpath","selector":"//select[@name='cust_161']"}
  (Session info: chrome=105.0.5195.127)
For documentation on this error, please visit: https://selenium.dev/exceptions/#no_such_element
Build info: version: '4.1.0', revision: '87802e897b'
System info: host: 'VIVEKZAMBRE', ip: '192.168.64.217', os.name: 'Windows 10', os.arch: 'amd64', os.version: '10.0', java.version: '17.0.2'
Driver info: org.openqa.selenium.chrome.ChromeDriver
Command: [0895a74f9c25401e9a64e25316921229, findElement {using=xpath, value=//select[@name='cust_161']}]
Capabilities {acceptInsecureCerts: false, browserName: chrome, browserVersion: 105.0.5195.127, chrome: {chromedriverVersion: 105.0.5195.52 (412c95e51883..., userDataDir: C:\Users\VIVEK~1.ZAM\AppDat...}, goog:chromeOptions: {debuggerAddress: localhost:50583}, javascriptEnabled: true, networkConnectionEnabled: false, pageLoadStrategy: normal, platform: WINDOWS, platformName: WINDOWS, proxy: Proxy(), se:cdp: ws://localhost:50583/devtoo..., se:cdpVersion: 105.0.5195.127, setWindowRect: true, strictFileInteractability: false, timeouts: {implicit: 0, pageLoad: 300000, script: 30000}, unhandledPromptBehavior: dismiss and notify, webauthn:extension:credBlob: true, webauthn:extension:largeBlob: true, webauthn:virtualAuthenticators: true}
Session ID: 0895a74f9c25401e9a64e25316921229
2022-09-24 13:42:40 INFO  ScreenShot - ScreenShot captured VerifyCRMLogin || Status :Fail
2022-09-24 13:42:41 INFO  CommonMethods - Row num for TestScenario = VerifyCRMLogin is = 1
2022-09-24 13:42:42 INFO  ExcelOperation - Write to excel with : Row=1 | Cell =3 | Data =Fail
2022-09-24 13:42:44 WARN  WebSocketHandler - onError
java.net.SocketException: Connection reset
	at sun.nio.ch.SocketChannelImpl.throwConnectionReset(SocketChannelImpl.java:394) ~[?:?]
	at sun.nio.ch.SocketChannelImpl.read(SocketChannelImpl.java:426) ~[?:?]
	at io.netty.buffer.PooledByteBuf.setBytes(PooledByteBuf.java:253) ~[netty-buffer-4.1.69.Final.jar:4.1.69.Final]
	at io.netty.buffer.AbstractByteBuf.writeBytes(AbstractByteBuf.java:1132) ~[netty-buffer-4.1.69.Final.jar:4.1.69.Final]
	at io.netty.channel.socket.nio.NioSocketChannel.doReadBytes(NioSocketChannel.java:350) ~[netty-transport-4.1.69.Final.jar:4.1.69.Final]
	at io.netty.channel.nio.AbstractNioByteChannel$NioByteUnsafe.read(AbstractNioByteChannel.java:151) [netty-transport-4.1.69.Final.jar:4.1.69.Final]
	at io.netty.channel.nio.NioEventLoop.processSelectedKey(NioEventLoop.java:719) [netty-transport-4.1.69.Final.jar:4.1.69.Final]
	at io.netty.channel.nio.NioEventLoop.processSelectedKeysOptimized(NioEventLoop.java:655) [netty-transport-4.1.69.Final.jar:4.1.69.Final]
	at io.netty.channel.nio.NioEventLoop.processSelectedKeys(NioEventLoop.java:581) [netty-transport-4.1.69.Final.jar:4.1.69.Final]
	at io.netty.channel.nio.NioEventLoop.run(NioEventLoop.java:493) [netty-transport-4.1.69.Final.jar:4.1.69.Final]
	at io.netty.util.concurrent.SingleThreadEventExecutor$4.run(SingleThreadEventExecutor.java:986) [netty-common-4.1.69.Final.jar:4.1.69.Final]
	at io.netty.util.internal.ThreadExecutorMap$2.run(ThreadExecutorMap.java:74) [netty-common-4.1.69.Final.jar:4.1.69.Final]
	at io.netty.util.concurrent.FastThreadLocalRunnable.run(FastThreadLocalRunnable.java:30) [netty-common-4.1.69.Final.jar:4.1.69.Final]
	at java.lang.Thread.run(Thread.java:833) [?:?]
2022-09-24 13:42:44 INFO  SetUp - Browser Closed..
2022-09-24 13:52:09 INFO  Utils - [TestNG] Running:
  C:\Users\vivek.zambre\git\MasterFramework\MasterFramework\src\test\resources\RunnerFiles\testng.xml

2022-09-24 13:52:09 INFO  SetUp - Test Case_VerifyCRMLogin_Successfully Started
2022-09-24 13:52:11 INFO  WebDriverManager - Using chromedriver 105.0.5195.52 (resolved driver for Chrome 105)
2022-09-24 13:52:12 INFO  WebDriverManager - Exporting webdriver.chrome.driver as C:\Users\vivek.zambre\.cache\selenium\chromedriver\win32\105.0.5195.52\chromedriver.exe
2022-09-24 13:52:14 INFO  SetUp - Chrome Browser Launched..
2022-09-24 13:52:18 INFO  SetUp - URL : https://tucltest.crmnext.com/GOLD7_Dev/app/login/login
2022-09-24 13:52:19 INFO  ScreenShot - ScreenShot captured LoginPage || Status :Pass
2022-09-24 13:52:19 INFO  CommonMethods - Sucessfully clicked on Username_XPATH
2022-09-24 13:52:19 INFO  CommonMethods - Data sucessfully entered on Username_XPATH = apowle
2022-09-24 13:52:20 INFO  CommonMethods - Sucessfully clicked on password_XPATH
2022-09-24 13:52:20 INFO  CommonMethods - Data sucessfully entered on password_XPATH = acid_qa
2022-09-24 13:52:28 INFO  CommonMethods - Sucessfully clicked on loginBtn_XPATH
2022-09-24 13:52:34 INFO  CommonMethods - Sucessfully clicked on CaseObject_XPATH
2022-09-24 13:52:40 INFO  CommonMethods - Sucessfully clicked on RequestType_XPATH
2022-09-24 13:52:43 INFO  CommonMethods - Sucessfully clicked on RequestSearchBox_XPATH
2022-09-24 13:52:43 INFO  CommonMethods - Data sucessfully entered on RequestSearchBox_XPATH = Account ownership
2022-09-24 13:52:47 INFO  CommonMethods - Sucessfully clicked on EnterArrow_XPATH
2022-09-24 13:52:50 INFO  CommonMethods - Sucessfully clicked on selectAccountOwnership_XPATH
2022-09-24 13:52:50 ERROR SetUp - VerifyCRMLogin Get Failed due to 
Element should have been "select" but was "input"
Build info: version: '4.1.0', revision: '87802e897b'
System info: host: 'VIVEKZAMBRE', ip: '192.168.64.217', os.name: 'Windows 10', os.arch: 'amd64', os.version: '10.0', java.version: '17.0.2'
Driver info: driver.version: unknown
2022-09-24 13:52:50 INFO  ScreenShot - ScreenShot captured VerifyCRMLogin || Status :Fail
2022-09-24 13:52:50 INFO  CommonMethods - Row num for TestScenario = VerifyCRMLogin is = 1
2022-09-24 13:52:51 INFO  ExcelOperation - Write to excel with : Row=1 | Cell =3 | Data =Fail
2022-09-24 13:52:55 INFO  SetUp - Browser Closed..
2022-09-24 13:54:18 INFO  Utils - [TestNG] Running:
  C:\Users\vivek.zambre\git\MasterFramework\MasterFramework\src\test\resources\RunnerFiles\testng.xml

2022-09-24 13:54:18 INFO  SetUp - Test Case_VerifyCRMLogin_Successfully Started
2022-09-24 13:54:25 INFO  WebDriverManager - Using chromedriver 105.0.5195.52 (resolved driver for Chrome 105)
2022-09-24 13:54:25 INFO  WebDriverManager - Exporting webdriver.chrome.driver as C:\Users\vivek.zambre\.cache\selenium\chromedriver\win32\105.0.5195.52\chromedriver.exe
2022-09-24 13:54:28 INFO  SetUp - Chrome Browser Launched..
2022-09-24 13:54:33 INFO  SetUp - URL : https://tucltest.crmnext.com/GOLD7_Dev/app/login/login
2022-09-24 13:54:33 INFO  ScreenShot - ScreenShot captured LoginPage || Status :Pass
2022-09-24 13:54:33 INFO  CommonMethods - Sucessfully clicked on Username_XPATH
2022-09-24 13:54:34 INFO  CommonMethods - Data sucessfully entered on Username_XPATH = apowle
2022-09-24 13:54:35 INFO  CommonMethods - Sucessfully clicked on password_XPATH
2022-09-24 13:54:36 INFO  CommonMethods - Data sucessfully entered on password_XPATH = acid_qa
2022-09-24 13:54:45 INFO  CommonMethods - Sucessfully clicked on loginBtn_XPATH
2022-09-24 13:54:53 INFO  CommonMethods - Sucessfully clicked on CaseObject_XPATH
2022-09-24 13:54:58 INFO  CommonMethods - Sucessfully clicked on RequestType_XPATH
2022-09-24 13:55:01 INFO  CommonMethods - Sucessfully clicked on RequestSearchBox_XPATH
2022-09-24 13:55:02 INFO  CommonMethods - Data sucessfully entered on RequestSearchBox_XPATH = Account ownership
2022-09-24 13:55:06 INFO  CommonMethods - Sucessfully clicked on EnterArrow_XPATH
2022-09-24 13:55:09 INFO  CommonMethods - Sucessfully clicked on selectAccountOwnership_XPATH
2022-09-24 13:55:09 ERROR SetUp - VerifyCRMLogin Get Failed due to 
no such element: Unable to locate element: {"method":"xpath","selector":"//select[@name='cust_161']"}
  (Session info: chrome=105.0.5195.127)
For documentation on this error, please visit: https://selenium.dev/exceptions/#no_such_element
Build info: version: '4.1.0', revision: '87802e897b'
System info: host: 'VIVEKZAMBRE', ip: '192.168.64.217', os.name: 'Windows 10', os.arch: 'amd64', os.version: '10.0', java.version: '17.0.2'
Driver info: org.openqa.selenium.chrome.ChromeDriver
Command: [dc19e38a98ada7d5fd60355bccc34227, findElement {using=xpath, value=//select[@name='cust_161']}]
Capabilities {acceptInsecureCerts: false, browserName: chrome, browserVersion: 105.0.5195.127, chrome: {chromedriverVersion: 105.0.5195.52 (412c95e51883..., userDataDir: C:\Users\VIVEK~1.ZAM\AppDat...}, goog:chromeOptions: {debuggerAddress: localhost:50948}, javascriptEnabled: true, networkConnectionEnabled: false, pageLoadStrategy: normal, platform: WINDOWS, platformName: WINDOWS, proxy: Proxy(), se:cdp: ws://localhost:50948/devtoo..., se:cdpVersion: 105.0.5195.127, setWindowRect: true, strictFileInteractability: false, timeouts: {implicit: 0, pageLoad: 300000, script: 30000}, unhandledPromptBehavior: dismiss and notify, webauthn:extension:credBlob: true, webauthn:extension:largeBlob: true, webauthn:virtualAuthenticators: true}
Session ID: dc19e38a98ada7d5fd60355bccc34227
2022-09-24 13:55:09 INFO  ScreenShot - ScreenShot captured VerifyCRMLogin || Status :Fail
2022-09-24 13:55:10 INFO  CommonMethods - Row num for TestScenario = VerifyCRMLogin is = 1
2022-09-24 13:55:11 INFO  ExcelOperation - Write to excel with : Row=1 | Cell =3 | Data =Fail
2022-09-24 13:55:15 INFO  SetUp - Browser Closed..
2022-09-24 13:55:59 INFO  Utils - [TestNG] Running:
  C:\Users\vivek.zambre\git\MasterFramework\MasterFramework\src\test\resources\RunnerFiles\testng.xml

2022-09-24 13:55:59 INFO  SetUp - Test Case_VerifyCRMLogin_Successfully Started
2022-09-24 13:56:05 INFO  WebDriverManager - Using chromedriver 105.0.5195.52 (resolved driver for Chrome 105)
2022-09-24 13:56:06 INFO  WebDriverManager - Exporting webdriver.chrome.driver as C:\Users\vivek.zambre\.cache\selenium\chromedriver\win32\105.0.5195.52\chromedriver.exe
2022-09-24 13:56:09 INFO  SetUp - Chrome Browser Launched..
2022-09-24 13:56:14 INFO  SetUp - URL : https://tucltest.crmnext.com/GOLD7_Dev/app/login/login
2022-09-24 13:56:15 INFO  ScreenShot - ScreenShot captured LoginPage || Status :Pass
2022-09-24 13:56:15 INFO  CommonMethods - Sucessfully clicked on Username_XPATH
2022-09-24 13:56:16 INFO  CommonMethods - Data sucessfully entered on Username_XPATH = apowle
2022-09-24 13:56:16 INFO  CommonMethods - Sucessfully clicked on password_XPATH
2022-09-24 13:56:18 INFO  CommonMethods - Data sucessfully entered on password_XPATH = acid_qa
2022-09-24 13:56:26 INFO  CommonMethods - Sucessfully clicked on loginBtn_XPATH
2022-09-24 13:56:32 INFO  CommonMethods - Sucessfully clicked on CaseObject_XPATH
2022-09-24 13:56:38 INFO  CommonMethods - Sucessfully clicked on RequestType_XPATH
2022-09-24 13:56:41 INFO  CommonMethods - Sucessfully clicked on RequestSearchBox_XPATH
2022-09-24 13:56:42 INFO  CommonMethods - Data sucessfully entered on RequestSearchBox_XPATH = Account ownership
2022-09-24 13:56:46 INFO  CommonMethods - Sucessfully clicked on EnterArrow_XPATH
2022-09-24 13:56:49 INFO  CommonMethods - Sucessfully clicked on selectAccountOwnership_XPATH
2022-09-24 13:56:52 INFO  CommonMethods - Sucessfully clicked on HelpSymbol_XPATH
2022-09-24 13:56:52 ERROR SetUp - VerifyCRMLogin Get Failed due to 
no such element: Unable to locate element: {"method":"xpath","selector":"//select[@name='cust_161']"}
  (Session info: chrome=105.0.5195.127)
For documentation on this error, please visit: https://selenium.dev/exceptions/#no_such_element
Build info: version: '4.1.0', revision: '87802e897b'
System info: host: 'VIVEKZAMBRE', ip: '192.168.64.217', os.name: 'Windows 10', os.arch: 'amd64', os.version: '10.0', java.version: '17.0.2'
Driver info: org.openqa.selenium.chrome.ChromeDriver
Command: [6c50e5e3225193bcdbccd67296708213, findElement {using=xpath, value=//select[@name='cust_161']}]
Capabilities {acceptInsecureCerts: false, browserName: chrome, browserVersion: 105.0.5195.127, chrome: {chromedriverVersion: 105.0.5195.52 (412c95e51883..., userDataDir: C:\Users\VIVEK~1.ZAM\AppDat...}, goog:chromeOptions: {debuggerAddress: localhost:50996}, javascriptEnabled: true, networkConnectionEnabled: false, pageLoadStrategy: normal, platform: WINDOWS, platformName: WINDOWS, proxy: Proxy(), se:cdp: ws://localhost:50996/devtoo..., se:cdpVersion: 105.0.5195.127, setWindowRect: true, strictFileInteractability: false, timeouts: {implicit: 0, pageLoad: 300000, script: 30000}, unhandledPromptBehavior: dismiss and notify, webauthn:extension:credBlob: true, webauthn:extension:largeBlob: true, webauthn:virtualAuthenticators: true}
Session ID: 6c50e5e3225193bcdbccd67296708213
2022-09-24 13:56:52 INFO  ScreenShot - ScreenShot captured VerifyCRMLogin || Status :Fail
2022-09-24 13:56:52 INFO  CommonMethods - Row num for TestScenario = VerifyCRMLogin is = 1
2022-09-24 13:56:54 INFO  ExcelOperation - Write to excel with : Row=1 | Cell =3 | Data =Fail
2022-09-24 13:56:55 WARN  WebSocketHandler - onError
java.net.SocketException: Connection reset
	at sun.nio.ch.SocketChannelImpl.throwConnectionReset(SocketChannelImpl.java:394) ~[?:?]
	at sun.nio.ch.SocketChannelImpl.read(SocketChannelImpl.java:426) ~[?:?]
	at io.netty.buffer.PooledByteBuf.setBytes(PooledByteBuf.java:253) ~[netty-buffer-4.1.69.Final.jar:4.1.69.Final]
	at io.netty.buffer.AbstractByteBuf.writeBytes(AbstractByteBuf.java:1132) ~[netty-buffer-4.1.69.Final.jar:4.1.69.Final]
	at io.netty.channel.socket.nio.NioSocketChannel.doReadBytes(NioSocketChannel.java:350) ~[netty-transport-4.1.69.Final.jar:4.1.69.Final]
	at io.netty.channel.nio.AbstractNioByteChannel$NioByteUnsafe.read(AbstractNioByteChannel.java:151) [netty-transport-4.1.69.Final.jar:4.1.69.Final]
	at io.netty.channel.nio.NioEventLoop.processSelectedKey(NioEventLoop.java:719) [netty-transport-4.1.69.Final.jar:4.1.69.Final]
	at io.netty.channel.nio.NioEventLoop.processSelectedKeysOptimized(NioEventLoop.java:655) [netty-transport-4.1.69.Final.jar:4.1.69.Final]
	at io.netty.channel.nio.NioEventLoop.processSelectedKeys(NioEventLoop.java:581) [netty-transport-4.1.69.Final.jar:4.1.69.Final]
	at io.netty.channel.nio.NioEventLoop.run(NioEventLoop.java:493) [netty-transport-4.1.69.Final.jar:4.1.69.Final]
	at io.netty.util.concurrent.SingleThreadEventExecutor$4.run(SingleThreadEventExecutor.java:986) [netty-common-4.1.69.Final.jar:4.1.69.Final]
	at io.netty.util.internal.ThreadExecutorMap$2.run(ThreadExecutorMap.java:74) [netty-common-4.1.69.Final.jar:4.1.69.Final]
	at io.netty.util.concurrent.FastThreadLocalRunnable.run(FastThreadLocalRunnable.java:30) [netty-common-4.1.69.Final.jar:4.1.69.Final]
	at java.lang.Thread.run(Thread.java:833) [?:?]
2022-09-24 13:56:55 INFO  SetUp - Browser Closed..
2022-09-24 13:58:03 INFO  Utils - [TestNG] Running:
  C:\Users\vivek.zambre\git\MasterFramework\MasterFramework\src\test\resources\RunnerFiles\testng.xml

2022-09-24 13:58:03 INFO  SetUp - Test Case_VerifyCRMLogin_Successfully Started
2022-09-24 13:58:09 INFO  WebDriverManager - Using chromedriver 105.0.5195.52 (resolved driver for Chrome 105)
2022-09-24 13:58:09 INFO  WebDriverManager - Exporting webdriver.chrome.driver as C:\Users\vivek.zambre\.cache\selenium\chromedriver\win32\105.0.5195.52\chromedriver.exe
2022-09-24 13:58:12 INFO  SetUp - Chrome Browser Launched..
2022-09-24 13:58:17 INFO  SetUp - URL : https://tucltest.crmnext.com/GOLD7_Dev/app/login/login
2022-09-24 13:58:18 INFO  ScreenShot - ScreenShot captured LoginPage || Status :Pass
2022-09-24 13:58:18 INFO  CommonMethods - Sucessfully clicked on Username_XPATH
2022-09-24 13:58:19 INFO  CommonMethods - Data sucessfully entered on Username_XPATH = apowle
2022-09-24 13:58:19 INFO  CommonMethods - Sucessfully clicked on password_XPATH
2022-09-24 13:58:21 INFO  CommonMethods - Data sucessfully entered on password_XPATH = acid_qa
2022-09-24 13:58:29 INFO  CommonMethods - Sucessfully clicked on loginBtn_XPATH
2022-09-24 13:58:34 INFO  CommonMethods - Sucessfully clicked on CaseObject_XPATH
2022-09-24 13:58:40 INFO  CommonMethods - Sucessfully clicked on RequestType_XPATH
2022-09-24 13:58:43 INFO  CommonMethods - Sucessfully clicked on RequestSearchBox_XPATH
2022-09-24 13:58:44 INFO  CommonMethods - Data sucessfully entered on RequestSearchBox_XPATH = Account ownership
2022-09-24 13:58:47 INFO  CommonMethods - Sucessfully clicked on EnterArrow_XPATH
2022-09-24 13:58:51 INFO  CommonMethods - Sucessfully clicked on selectAccountOwnership_XPATH
2022-09-24 13:58:52 INFO  CommonMethods - Sucessfully clicked on HelpSymbol_XPATH
2022-09-24 13:58:52 ERROR SetUp - VerifyCRMLogin Get Failed due to 
Element should have been "select" but was "input"
Build info: version: '4.1.0', revision: '87802e897b'
System info: host: 'VIVEKZAMBRE', ip: '192.168.64.217', os.name: 'Windows 10', os.arch: 'amd64', os.version: '10.0', java.version: '17.0.2'
Driver info: driver.version: unknown
2022-09-24 13:58:52 INFO  ScreenShot - ScreenShot captured VerifyCRMLogin || Status :Fail
2022-09-24 13:58:53 INFO  CommonMethods - Row num for TestScenario = VerifyCRMLogin is = 1
2022-09-24 13:58:54 INFO  ExcelOperation - Write to excel with : Row=1 | Cell =3 | Data =Fail
2022-09-24 13:58:55 WARN  WebSocketHandler - onError
java.net.SocketException: Connection reset
	at sun.nio.ch.SocketChannelImpl.throwConnectionReset(SocketChannelImpl.java:394) ~[?:?]
	at sun.nio.ch.SocketChannelImpl.read(SocketChannelImpl.java:426) ~[?:?]
	at io.netty.buffer.PooledByteBuf.setBytes(PooledByteBuf.java:253) ~[netty-buffer-4.1.69.Final.jar:4.1.69.Final]
	at io.netty.buffer.AbstractByteBuf.writeBytes(AbstractByteBuf.java:1132) ~[netty-buffer-4.1.69.Final.jar:4.1.69.Final]
	at io.netty.channel.socket.nio.NioSocketChannel.doReadBytes(NioSocketChannel.java:350) ~[netty-transport-4.1.69.Final.jar:4.1.69.Final]
	at io.netty.channel.nio.AbstractNioByteChannel$NioByteUnsafe.read(AbstractNioByteChannel.java:151) [netty-transport-4.1.69.Final.jar:4.1.69.Final]
	at io.netty.channel.nio.NioEventLoop.processSelectedKey(NioEventLoop.java:719) [netty-transport-4.1.69.Final.jar:4.1.69.Final]
	at io.netty.channel.nio.NioEventLoop.processSelectedKeysOptimized(NioEventLoop.java:655) [netty-transport-4.1.69.Final.jar:4.1.69.Final]
	at io.netty.channel.nio.NioEventLoop.processSelectedKeys(NioEventLoop.java:581) [netty-transport-4.1.69.Final.jar:4.1.69.Final]
	at io.netty.channel.nio.NioEventLoop.run(NioEventLoop.java:493) [netty-transport-4.1.69.Final.jar:4.1.69.Final]
	at io.netty.util.concurrent.SingleThreadEventExecutor$4.run(SingleThreadEventExecutor.java:986) [netty-common-4.1.69.Final.jar:4.1.69.Final]
	at io.netty.util.internal.ThreadExecutorMap$2.run(ThreadExecutorMap.java:74) [netty-common-4.1.69.Final.jar:4.1.69.Final]
	at io.netty.util.concurrent.FastThreadLocalRunnable.run(FastThreadLocalRunnable.java:30) [netty-common-4.1.69.Final.jar:4.1.69.Final]
	at java.lang.Thread.run(Thread.java:833) [?:?]
2022-09-24 13:58:55 INFO  SetUp - Browser Closed..
2022-09-24 14:05:04 INFO  Utils - [TestNG] Running:
  C:\Users\vivek.zambre\git\MasterFramework\MasterFramework\src\test\resources\RunnerFiles\testng.xml

2022-09-24 14:05:04 INFO  SetUp - Test Case_VerifyCRMLogin_Successfully Started
2022-09-24 14:05:09 INFO  WebDriverManager - Using chromedriver 105.0.5195.52 (resolved driver for Chrome 105)
2022-09-24 14:05:09 INFO  WebDriverManager - Exporting webdriver.chrome.driver as C:\Users\vivek.zambre\.cache\selenium\chromedriver\win32\105.0.5195.52\chromedriver.exe
2022-09-24 14:05:11 INFO  SetUp - Chrome Browser Launched..
2022-09-24 14:05:17 INFO  SetUp - URL : https://tucltest.crmnext.com/GOLD7_Dev/app/login/login
2022-09-24 14:05:17 INFO  ScreenShot - ScreenShot captured LoginPage || Status :Pass
2022-09-24 14:05:17 INFO  CommonMethods - Sucessfully clicked on Username_XPATH
2022-09-24 14:05:18 INFO  CommonMethods - Data sucessfully entered on Username_XPATH = apowle
2022-09-24 14:05:19 INFO  CommonMethods - Sucessfully clicked on password_XPATH
2022-09-24 14:05:20 INFO  CommonMethods - Data sucessfully entered on password_XPATH = acid_qa
2022-09-24 14:05:28 INFO  CommonMethods - Sucessfully clicked on loginBtn_XPATH
2022-09-24 14:05:34 INFO  CommonMethods - Sucessfully clicked on CaseObject_XPATH
2022-09-24 14:05:39 INFO  CommonMethods - Sucessfully clicked on RequestType_XPATH
2022-09-24 14:05:43 INFO  CommonMethods - Sucessfully clicked on RequestSearchBox_XPATH
2022-09-24 14:05:43 INFO  CommonMethods - Data sucessfully entered on RequestSearchBox_XPATH = Account ownership
2022-09-24 14:05:47 INFO  CommonMethods - Sucessfully clicked on EnterArrow_XPATH
2022-09-24 14:05:50 INFO  CommonMethods - Sucessfully clicked on selectAccountOwnership_XPATH
2022-09-24 14:05:51 INFO  CommonMethods - Sucessfully clicked on HelpSymbol_XPATH
2022-09-24 14:05:51 ERROR SetUp - VerifyCRMLogin Get Failed due to 
Element should have been "select" but was "input"
Build info: version: '4.1.0', revision: '87802e897b'
System info: host: 'VIVEKZAMBRE', ip: '192.168.64.217', os.name: 'Windows 10', os.arch: 'amd64', os.version: '10.0', java.version: '17.0.2'
Driver info: driver.version: unknown
2022-09-24 14:05:52 INFO  ScreenShot - ScreenShot captured VerifyCRMLogin || Status :Fail
2022-09-24 14:05:52 INFO  CommonMethods - Row num for TestScenario = VerifyCRMLogin is = 1
2022-09-24 14:05:53 INFO  ExcelOperation - Write to excel with : Row=1 | Cell =3 | Data =Fail
2022-09-24 14:05:55 WARN  WebSocketHandler - onError
java.net.SocketException: Connection reset
	at sun.nio.ch.SocketChannelImpl.throwConnectionReset(SocketChannelImpl.java:394) ~[?:?]
	at sun.nio.ch.SocketChannelImpl.read(SocketChannelImpl.java:426) ~[?:?]
	at io.netty.buffer.PooledByteBuf.setBytes(PooledByteBuf.java:253) ~[netty-buffer-4.1.69.Final.jar:4.1.69.Final]
	at io.netty.buffer.AbstractByteBuf.writeBytes(AbstractByteBuf.java:1132) ~[netty-buffer-4.1.69.Final.jar:4.1.69.Final]
	at io.netty.channel.socket.nio.NioSocketChannel.doReadBytes(NioSocketChannel.java:350) ~[netty-transport-4.1.69.Final.jar:4.1.69.Final]
	at io.netty.channel.nio.AbstractNioByteChannel$NioByteUnsafe.read(AbstractNioByteChannel.java:151) [netty-transport-4.1.69.Final.jar:4.1.69.Final]
	at io.netty.channel.nio.NioEventLoop.processSelectedKey(NioEventLoop.java:719) [netty-transport-4.1.69.Final.jar:4.1.69.Final]
	at io.netty.channel.nio.NioEventLoop.processSelectedKeysOptimized(NioEventLoop.java:655) [netty-transport-4.1.69.Final.jar:4.1.69.Final]
	at io.netty.channel.nio.NioEventLoop.processSelectedKeys(NioEventLoop.java:581) [netty-transport-4.1.69.Final.jar:4.1.69.Final]
	at io.netty.channel.nio.NioEventLoop.run(NioEventLoop.java:493) [netty-transport-4.1.69.Final.jar:4.1.69.Final]
	at io.netty.util.concurrent.SingleThreadEventExecutor$4.run(SingleThreadEventExecutor.java:986) [netty-common-4.1.69.Final.jar:4.1.69.Final]
	at io.netty.util.internal.ThreadExecutorMap$2.run(ThreadExecutorMap.java:74) [netty-common-4.1.69.Final.jar:4.1.69.Final]
	at io.netty.util.concurrent.FastThreadLocalRunnable.run(FastThreadLocalRunnable.java:30) [netty-common-4.1.69.Final.jar:4.1.69.Final]
	at java.lang.Thread.run(Thread.java:833) [?:?]
2022-09-24 14:05:55 INFO  SetUp - Browser Closed..
2022-09-24 14:06:43 INFO  Utils - [TestNG] Running:
  C:\Users\vivek.zambre\git\MasterFramework\MasterFramework\src\test\resources\RunnerFiles\testng.xml

2022-09-24 14:06:43 INFO  SetUp - Test Case_VerifyCRMLogin_Successfully Started
2022-09-24 14:06:46 INFO  WebDriverManager - Using chromedriver 105.0.5195.52 (resolved driver for Chrome 105)
2022-09-24 14:06:46 INFO  WebDriverManager - Exporting webdriver.chrome.driver as C:\Users\vivek.zambre\.cache\selenium\chromedriver\win32\105.0.5195.52\chromedriver.exe
2022-09-24 14:06:49 INFO  SetUp - Chrome Browser Launched..
2022-09-24 14:06:54 INFO  SetUp - URL : https://tucltest.crmnext.com/GOLD7_Dev/app/login/login
2022-09-24 14:06:55 INFO  ScreenShot - ScreenShot captured LoginPage || Status :Pass
2022-09-24 14:06:55 INFO  CommonMethods - Sucessfully clicked on Username_XPATH
2022-09-24 14:06:56 INFO  CommonMethods - Data sucessfully entered on Username_XPATH = apowle
2022-09-24 14:06:56 INFO  CommonMethods - Sucessfully clicked on password_XPATH
2022-09-24 14:06:57 INFO  CommonMethods - Data sucessfully entered on password_XPATH = acid_qa
2022-09-24 14:07:06 INFO  CommonMethods - Sucessfully clicked on loginBtn_XPATH
2022-09-24 14:07:11 INFO  CommonMethods - Sucessfully clicked on CaseObject_XPATH
2022-09-24 14:07:16 INFO  CommonMethods - Sucessfully clicked on RequestType_XPATH
2022-09-24 14:07:19 INFO  CommonMethods - Sucessfully clicked on RequestSearchBox_XPATH
2022-09-24 14:07:20 INFO  CommonMethods - Data sucessfully entered on RequestSearchBox_XPATH = Account ownership
2022-09-24 14:07:23 INFO  CommonMethods - Sucessfully clicked on EnterArrow_XPATH
2022-09-24 14:07:26 INFO  CommonMethods - Sucessfully clicked on selectAccountOwnership_XPATH
2022-09-24 14:07:28 INFO  CommonMethods - Sucessfully clicked on HelpSymbol_XPATH
2022-09-24 14:07:28 ERROR SetUp - VerifyCRMLogin Get Failed due to 
no such element: Unable to locate element: {"method":"xpath","selector":"//select[@name='cust_161']"}
  (Session info: chrome=105.0.5195.127)
For documentation on this error, please visit: https://selenium.dev/exceptions/#no_such_element
Build info: version: '4.1.0', revision: '87802e897b'
System info: host: 'VIVEKZAMBRE', ip: '192.168.64.217', os.name: 'Windows 10', os.arch: 'amd64', os.version: '10.0', java.version: '17.0.2'
Driver info: org.openqa.selenium.chrome.ChromeDriver
Command: [06e8bf5c0e798a0249fdee0fc79ca692, findElement {using=xpath, value=//select[@name='cust_161']}]
Capabilities {acceptInsecureCerts: false, browserName: chrome, browserVersion: 105.0.5195.127, chrome: {chromedriverVersion: 105.0.5195.52 (412c95e51883..., userDataDir: C:\Users\VIVEK~1.ZAM\AppDat...}, goog:chromeOptions: {debuggerAddress: localhost:51241}, javascriptEnabled: true, networkConnectionEnabled: false, pageLoadStrategy: normal, platform: WINDOWS, platformName: WINDOWS, proxy: Proxy(), se:cdp: ws://localhost:51241/devtoo..., se:cdpVersion: 105.0.5195.127, setWindowRect: true, strictFileInteractability: false, timeouts: {implicit: 0, pageLoad: 300000, script: 30000}, unhandledPromptBehavior: dismiss and notify, webauthn:extension:credBlob: true, webauthn:extension:largeBlob: true, webauthn:virtualAuthenticators: true}
Session ID: 06e8bf5c0e798a0249fdee0fc79ca692
2022-09-24 14:07:28 INFO  ScreenShot - ScreenShot captured VerifyCRMLogin || Status :Fail
2022-09-24 14:07:28 INFO  CommonMethods - Row num for TestScenario = VerifyCRMLogin is = 1
2022-09-24 14:07:29 INFO  ExcelOperation - Write to excel with : Row=1 | Cell =3 | Data =Fail
2022-09-24 14:07:31 WARN  WebSocketHandler - onError
java.net.SocketException: Connection reset
	at sun.nio.ch.SocketChannelImpl.throwConnectionReset(SocketChannelImpl.java:394) ~[?:?]
	at sun.nio.ch.SocketChannelImpl.read(SocketChannelImpl.java:426) ~[?:?]
	at io.netty.buffer.PooledByteBuf.setBytes(PooledByteBuf.java:253) ~[netty-buffer-4.1.69.Final.jar:4.1.69.Final]
	at io.netty.buffer.AbstractByteBuf.writeBytes(AbstractByteBuf.java:1132) ~[netty-buffer-4.1.69.Final.jar:4.1.69.Final]
	at io.netty.channel.socket.nio.NioSocketChannel.doReadBytes(NioSocketChannel.java:350) ~[netty-transport-4.1.69.Final.jar:4.1.69.Final]
	at io.netty.channel.nio.AbstractNioByteChannel$NioByteUnsafe.read(AbstractNioByteChannel.java:151) [netty-transport-4.1.69.Final.jar:4.1.69.Final]
	at io.netty.channel.nio.NioEventLoop.processSelectedKey(NioEventLoop.java:719) [netty-transport-4.1.69.Final.jar:4.1.69.Final]
	at io.netty.channel.nio.NioEventLoop.processSelectedKeysOptimized(NioEventLoop.java:655) [netty-transport-4.1.69.Final.jar:4.1.69.Final]
	at io.netty.channel.nio.NioEventLoop.processSelectedKeys(NioEventLoop.java:581) [netty-transport-4.1.69.Final.jar:4.1.69.Final]
	at io.netty.channel.nio.NioEventLoop.run(NioEventLoop.java:493) [netty-transport-4.1.69.Final.jar:4.1.69.Final]
	at io.netty.util.concurrent.SingleThreadEventExecutor$4.run(SingleThreadEventExecutor.java:986) [netty-common-4.1.69.Final.jar:4.1.69.Final]
	at io.netty.util.internal.ThreadExecutorMap$2.run(ThreadExecutorMap.java:74) [netty-common-4.1.69.Final.jar:4.1.69.Final]
	at io.netty.util.concurrent.FastThreadLocalRunnable.run(FastThreadLocalRunnable.java:30) [netty-common-4.1.69.Final.jar:4.1.69.Final]
	at java.lang.Thread.run(Thread.java:833) [?:?]
2022-09-24 14:07:31 INFO  SetUp - Browser Closed..
2022-09-24 14:12:43 INFO  Utils - [TestNG] Running:
  C:\Users\vivek.zambre\git\MasterFramework\MasterFramework\src\test\resources\RunnerFiles\testng.xml

2022-09-24 14:12:43 INFO  SetUp - Test Case_VerifyCRMLogin_Successfully Started
2022-09-24 14:12:47 INFO  WebDriverManager - Using chromedriver 105.0.5195.52 (resolved driver for Chrome 105)
2022-09-24 14:12:47 INFO  WebDriverManager - Exporting webdriver.chrome.driver as C:\Users\vivek.zambre\.cache\selenium\chromedriver\win32\105.0.5195.52\chromedriver.exe
2022-09-24 14:12:48 INFO  SetUp - Chrome Browser Launched..
2022-09-24 14:12:53 INFO  SetUp - URL : https://tucltest.crmnext.com/GOLD7_Dev/app/login/login
2022-09-24 14:12:53 INFO  ScreenShot - ScreenShot captured LoginPage || Status :Pass
2022-09-24 14:12:54 INFO  CommonMethods - Sucessfully clicked on Username_XPATH
2022-09-24 14:12:55 INFO  CommonMethods - Data sucessfully entered on Username_XPATH = apowle
2022-09-24 14:12:55 INFO  CommonMethods - Sucessfully clicked on password_XPATH
2022-09-24 14:12:56 INFO  CommonMethods - Data sucessfully entered on password_XPATH = acid_qa
2022-09-24 14:13:04 INFO  CommonMethods - Sucessfully clicked on loginBtn_XPATH
2022-09-24 14:13:10 INFO  CommonMethods - Sucessfully clicked on CaseObject_XPATH
2022-09-24 14:13:15 INFO  CommonMethods - Sucessfully clicked on RequestType_XPATH
2022-09-24 14:13:18 INFO  CommonMethods - Sucessfully clicked on RequestSearchBox_XPATH
2022-09-24 14:13:19 INFO  CommonMethods - Data sucessfully entered on RequestSearchBox_XPATH = Account ownership
2022-09-24 14:13:22 INFO  CommonMethods - Sucessfully clicked on EnterArrow_XPATH
2022-09-24 14:13:25 INFO  CommonMethods - Sucessfully clicked on selectAccountOwnership_XPATH
2022-09-24 14:13:27 INFO  CommonMethods - Sucessfully clicked on HelpSymbol_XPATH
2022-09-24 14:13:27 ERROR SetUp - VerifyCRMLogin Get Failed due to 
no such element: Unable to locate element: {"method":"xpath","selector":"//select[@name='cust_161']"}
  (Session info: chrome=105.0.5195.127)
For documentation on this error, please visit: https://selenium.dev/exceptions/#no_such_element
Build info: version: '4.1.0', revision: '87802e897b'
System info: host: 'VIVEKZAMBRE', ip: '192.168.64.217', os.name: 'Windows 10', os.arch: 'amd64', os.version: '10.0', java.version: '17.0.2'
Driver info: org.openqa.selenium.chrome.ChromeDriver
Command: [dea6b7cf99a93a35392cf310636c96b4, findElement {using=xpath, value=//select[@name='cust_161']}]
Capabilities {acceptInsecureCerts: false, browserName: chrome, browserVersion: 105.0.5195.127, chrome: {chromedriverVersion: 105.0.5195.52 (412c95e51883..., userDataDir: C:\Users\VIVEK~1.ZAM\AppDat...}, goog:chromeOptions: {debuggerAddress: localhost:51325}, javascriptEnabled: true, networkConnectionEnabled: false, pageLoadStrategy: normal, platform: WINDOWS, platformName: WINDOWS, proxy: Proxy(), se:cdp: ws://localhost:51325/devtoo..., se:cdpVersion: 105.0.5195.127, setWindowRect: true, strictFileInteractability: false, timeouts: {implicit: 0, pageLoad: 300000, script: 30000}, unhandledPromptBehavior: dismiss and notify, webauthn:extension:credBlob: true, webauthn:extension:largeBlob: true, webauthn:virtualAuthenticators: true}
Session ID: dea6b7cf99a93a35392cf310636c96b4
2022-09-24 14:13:27 INFO  ScreenShot - ScreenShot captured VerifyCRMLogin || Status :Fail
2022-09-24 14:13:27 INFO  CommonMethods - Row num for TestScenario = VerifyCRMLogin is = 1
2022-09-24 14:13:28 INFO  ExcelOperation - Write to excel with : Row=1 | Cell =3 | Data =Fail
2022-09-24 14:13:30 WARN  WebSocketHandler - onError
java.net.SocketException: Connection reset
	at sun.nio.ch.SocketChannelImpl.throwConnectionReset(SocketChannelImpl.java:394) ~[?:?]
	at sun.nio.ch.SocketChannelImpl.read(SocketChannelImpl.java:426) ~[?:?]
	at io.netty.buffer.PooledByteBuf.setBytes(PooledByteBuf.java:253) ~[netty-buffer-4.1.69.Final.jar:4.1.69.Final]
	at io.netty.buffer.AbstractByteBuf.writeBytes(AbstractByteBuf.java:1132) ~[netty-buffer-4.1.69.Final.jar:4.1.69.Final]
	at io.netty.channel.socket.nio.NioSocketChannel.doReadBytes(NioSocketChannel.java:350) ~[netty-transport-4.1.69.Final.jar:4.1.69.Final]
	at io.netty.channel.nio.AbstractNioByteChannel$NioByteUnsafe.read(AbstractNioByteChannel.java:151) [netty-transport-4.1.69.Final.jar:4.1.69.Final]
	at io.netty.channel.nio.NioEventLoop.processSelectedKey(NioEventLoop.java:719) [netty-transport-4.1.69.Final.jar:4.1.69.Final]
	at io.netty.channel.nio.NioEventLoop.processSelectedKeysOptimized(NioEventLoop.java:655) [netty-transport-4.1.69.Final.jar:4.1.69.Final]
	at io.netty.channel.nio.NioEventLoop.processSelectedKeys(NioEventLoop.java:581) [netty-transport-4.1.69.Final.jar:4.1.69.Final]
	at io.netty.channel.nio.NioEventLoop.run(NioEventLoop.java:493) [netty-transport-4.1.69.Final.jar:4.1.69.Final]
	at io.netty.util.concurrent.SingleThreadEventExecutor$4.run(SingleThreadEventExecutor.java:986) [netty-common-4.1.69.Final.jar:4.1.69.Final]
	at io.netty.util.internal.ThreadExecutorMap$2.run(ThreadExecutorMap.java:74) [netty-common-4.1.69.Final.jar:4.1.69.Final]
	at io.netty.util.concurrent.FastThreadLocalRunnable.run(FastThreadLocalRunnable.java:30) [netty-common-4.1.69.Final.jar:4.1.69.Final]
	at java.lang.Thread.run(Thread.java:833) [?:?]
2022-09-24 14:13:30 INFO  SetUp - Browser Closed..
2022-09-24 14:14:21 INFO  Utils - [TestNG] Running:
  C:\Users\vivek.zambre\git\MasterFramework\MasterFramework\src\test\resources\RunnerFiles\testng.xml

2022-09-24 14:14:21 INFO  SetUp - Test Case_VerifyCRMLogin_Successfully Started
2022-09-24 14:14:25 INFO  WebDriverManager - Using chromedriver 105.0.5195.52 (resolved driver for Chrome 105)
2022-09-24 14:14:25 INFO  WebDriverManager - Exporting webdriver.chrome.driver as C:\Users\vivek.zambre\.cache\selenium\chromedriver\win32\105.0.5195.52\chromedriver.exe
2022-09-24 14:14:27 INFO  SetUp - Chrome Browser Launched..
2022-09-24 14:14:32 INFO  SetUp - URL : https://tucltest.crmnext.com/GOLD7_Dev/app/login/login
2022-09-24 14:14:32 INFO  ScreenShot - ScreenShot captured LoginPage || Status :Pass
2022-09-24 14:14:32 INFO  CommonMethods - Sucessfully clicked on Username_XPATH
2022-09-24 14:14:33 INFO  CommonMethods - Data sucessfully entered on Username_XPATH = apowle
2022-09-24 14:14:34 INFO  CommonMethods - Sucessfully clicked on password_XPATH
2022-09-24 14:14:35 INFO  CommonMethods - Data sucessfully entered on password_XPATH = acid_qa
2022-09-24 14:14:43 INFO  CommonMethods - Sucessfully clicked on loginBtn_XPATH
2022-09-24 14:14:50 INFO  CommonMethods - Sucessfully clicked on CaseObject_XPATH
2022-09-24 14:14:54 INFO  CommonMethods - Sucessfully clicked on RequestType_XPATH
2022-09-24 14:14:57 INFO  CommonMethods - Sucessfully clicked on RequestSearchBox_XPATH
2022-09-24 14:14:58 INFO  CommonMethods - Data sucessfully entered on RequestSearchBox_XPATH = Account ownership
2022-09-24 14:15:02 INFO  CommonMethods - Sucessfully clicked on EnterArrow_XPATH
2022-09-24 14:15:05 INFO  CommonMethods - Sucessfully clicked on selectAccountOwnership_XPATH
2022-09-24 14:15:06 INFO  CommonMethods - Sucessfully clicked on HelpSymbol_XPATH
2022-09-24 14:15:06 ERROR SetUp - VerifyCRMLogin Get Failed due to 
no such element: Unable to locate element: {"method":"xpath","selector":"//select[@name='cust_161']"}
  (Session info: chrome=105.0.5195.127)
For documentation on this error, please visit: https://selenium.dev/exceptions/#no_such_element
Build info: version: '4.1.0', revision: '87802e897b'
System info: host: 'VIVEKZAMBRE', ip: '192.168.64.217', os.name: 'Windows 10', os.arch: 'amd64', os.version: '10.0', java.version: '17.0.2'
Driver info: org.openqa.selenium.chrome.ChromeDriver
Command: [950e55c8c89ddd49001490d26ffb9127, findElement {using=xpath, value=//select[@name='cust_161']}]
Capabilities {acceptInsecureCerts: false, browserName: chrome, browserVersion: 105.0.5195.127, chrome: {chromedriverVersion: 105.0.5195.52 (412c95e51883..., userDataDir: C:\Users\VIVEK~1.ZAM\AppDat...}, goog:chromeOptions: {debuggerAddress: localhost:51374}, javascriptEnabled: true, networkConnectionEnabled: false, pageLoadStrategy: normal, platform: WINDOWS, platformName: WINDOWS, proxy: Proxy(), se:cdp: ws://localhost:51374/devtoo..., se:cdpVersion: 105.0.5195.127, setWindowRect: true, strictFileInteractability: false, timeouts: {implicit: 0, pageLoad: 300000, script: 30000}, unhandledPromptBehavior: dismiss and notify, webauthn:extension:credBlob: true, webauthn:extension:largeBlob: true, webauthn:virtualAuthenticators: true}
Session ID: 950e55c8c89ddd49001490d26ffb9127
2022-09-24 14:15:06 INFO  ScreenShot - ScreenShot captured VerifyCRMLogin || Status :Fail
2022-09-24 14:15:07 INFO  CommonMethods - Row num for TestScenario = VerifyCRMLogin is = 1
2022-09-24 14:15:08 INFO  ExcelOperation - Write to excel with : Row=1 | Cell =3 | Data =Fail
2022-09-24 14:15:09 WARN  WebSocketHandler - onError
java.net.SocketException: Connection reset
	at sun.nio.ch.SocketChannelImpl.throwConnectionReset(SocketChannelImpl.java:394) ~[?:?]
	at sun.nio.ch.SocketChannelImpl.read(SocketChannelImpl.java:426) ~[?:?]
	at io.netty.buffer.PooledByteBuf.setBytes(PooledByteBuf.java:253) ~[netty-buffer-4.1.69.Final.jar:4.1.69.Final]
	at io.netty.buffer.AbstractByteBuf.writeBytes(AbstractByteBuf.java:1132) ~[netty-buffer-4.1.69.Final.jar:4.1.69.Final]
	at io.netty.channel.socket.nio.NioSocketChannel.doReadBytes(NioSocketChannel.java:350) ~[netty-transport-4.1.69.Final.jar:4.1.69.Final]
	at io.netty.channel.nio.AbstractNioByteChannel$NioByteUnsafe.read(AbstractNioByteChannel.java:151) [netty-transport-4.1.69.Final.jar:4.1.69.Final]
	at io.netty.channel.nio.NioEventLoop.processSelectedKey(NioEventLoop.java:719) [netty-transport-4.1.69.Final.jar:4.1.69.Final]
	at io.netty.channel.nio.NioEventLoop.processSelectedKeysOptimized(NioEventLoop.java:655) [netty-transport-4.1.69.Final.jar:4.1.69.Final]
	at io.netty.channel.nio.NioEventLoop.processSelectedKeys(NioEventLoop.java:581) [netty-transport-4.1.69.Final.jar:4.1.69.Final]
	at io.netty.channel.nio.NioEventLoop.run(NioEventLoop.java:493) [netty-transport-4.1.69.Final.jar:4.1.69.Final]
	at io.netty.util.concurrent.SingleThreadEventExecutor$4.run(SingleThreadEventExecutor.java:986) [netty-common-4.1.69.Final.jar:4.1.69.Final]
	at io.netty.util.internal.ThreadExecutorMap$2.run(ThreadExecutorMap.java:74) [netty-common-4.1.69.Final.jar:4.1.69.Final]
	at io.netty.util.concurrent.FastThreadLocalRunnable.run(FastThreadLocalRunnable.java:30) [netty-common-4.1.69.Final.jar:4.1.69.Final]
	at java.lang.Thread.run(Thread.java:833) [?:?]
2022-09-24 14:15:09 INFO  SetUp - Browser Closed..
2022-09-24 14:17:27 INFO  Utils - [TestNG] Running:
  C:\Users\vivek.zambre\git\MasterFramework\MasterFramework\src\test\resources\RunnerFiles\testng.xml

2022-09-24 14:17:27 INFO  SetUp - Test Case_VerifyCRMLogin_Successfully Started
2022-09-24 14:17:31 INFO  WebDriverManager - Using chromedriver 105.0.5195.52 (resolved driver for Chrome 105)
2022-09-24 14:17:31 INFO  WebDriverManager - Exporting webdriver.chrome.driver as C:\Users\vivek.zambre\.cache\selenium\chromedriver\win32\105.0.5195.52\chromedriver.exe
2022-09-24 14:17:32 INFO  SetUp - Chrome Browser Launched..
2022-09-24 14:17:37 INFO  SetUp - URL : https://tucltest.crmnext.com/GOLD7_Dev/app/login/login
2022-09-24 14:17:38 INFO  ScreenShot - ScreenShot captured LoginPage || Status :Pass
2022-09-24 14:17:38 INFO  CommonMethods - Sucessfully clicked on Username_XPATH
2022-09-24 14:17:39 INFO  CommonMethods - Data sucessfully entered on Username_XPATH = apowle
2022-09-24 14:17:39 INFO  CommonMethods - Sucessfully clicked on password_XPATH
2022-09-24 14:17:40 INFO  CommonMethods - Data sucessfully entered on password_XPATH = acid_qa
2022-09-24 14:17:48 INFO  CommonMethods - Sucessfully clicked on loginBtn_XPATH
2022-09-24 14:17:54 INFO  CommonMethods - Sucessfully clicked on CaseObject_XPATH
2022-09-24 14:17:59 INFO  CommonMethods - Sucessfully clicked on RequestType_XPATH
2022-09-24 14:18:02 INFO  CommonMethods - Sucessfully clicked on RequestSearchBox_XPATH
2022-09-24 14:18:03 INFO  CommonMethods - Data sucessfully entered on RequestSearchBox_XPATH = Account ownership
2022-09-24 14:18:06 INFO  CommonMethods - Sucessfully clicked on EnterArrow_XPATH
2022-09-24 14:18:10 INFO  CommonMethods - Sucessfully clicked on selectAccountOwnership_XPATH
2022-09-24 14:18:11 INFO  CommonMethods - Sucessfully clicked on HelpSymbol_XPATH
2022-09-24 14:18:11 ERROR SetUp - VerifyCRMLogin Get Failed due to 
no such element: Unable to locate element: {"method":"xpath","selector":"//select[@name='cust_161']"}
  (Session info: chrome=105.0.5195.127)
For documentation on this error, please visit: https://selenium.dev/exceptions/#no_such_element
Build info: version: '4.1.0', revision: '87802e897b'
System info: host: 'VIVEKZAMBRE', ip: '192.168.64.217', os.name: 'Windows 10', os.arch: 'amd64', os.version: '10.0', java.version: '17.0.2'
Driver info: org.openqa.selenium.chrome.ChromeDriver
Command: [6923499724f0a5b3f4ba3272eb6fcab1, findElement {using=xpath, value=//select[@name='cust_161']}]
Capabilities {acceptInsecureCerts: false, browserName: chrome, browserVersion: 105.0.5195.127, chrome: {chromedriverVersion: 105.0.5195.52 (412c95e51883..., userDataDir: C:\Users\VIVEK~1.ZAM\AppDat...}, goog:chromeOptions: {debuggerAddress: localhost:51459}, javascriptEnabled: true, networkConnectionEnabled: false, pageLoadStrategy: normal, platform: WINDOWS, platformName: WINDOWS, proxy: Proxy(), se:cdp: ws://localhost:51459/devtoo..., se:cdpVersion: 105.0.5195.127, setWindowRect: true, strictFileInteractability: false, timeouts: {implicit: 0, pageLoad: 300000, script: 30000}, unhandledPromptBehavior: dismiss and notify, webauthn:extension:credBlob: true, webauthn:extension:largeBlob: true, webauthn:virtualAuthenticators: true}
Session ID: 6923499724f0a5b3f4ba3272eb6fcab1
2022-09-24 14:18:11 INFO  ScreenShot - ScreenShot captured VerifyCRMLogin || Status :Fail
2022-09-24 14:18:11 INFO  CommonMethods - Row num for TestScenario = VerifyCRMLogin is = 1
2022-09-24 14:18:13 INFO  ExcelOperation - Write to excel with : Row=1 | Cell =3 | Data =Fail
2022-09-24 14:18:14 WARN  WebSocketHandler - onError
java.net.SocketException: Connection reset
	at sun.nio.ch.SocketChannelImpl.throwConnectionReset(SocketChannelImpl.java:394) ~[?:?]
	at sun.nio.ch.SocketChannelImpl.read(SocketChannelImpl.java:426) ~[?:?]
	at io.netty.buffer.PooledByteBuf.setBytes(PooledByteBuf.java:253) ~[netty-buffer-4.1.69.Final.jar:4.1.69.Final]
	at io.netty.buffer.AbstractByteBuf.writeBytes(AbstractByteBuf.java:1132) ~[netty-buffer-4.1.69.Final.jar:4.1.69.Final]
	at io.netty.channel.socket.nio.NioSocketChannel.doReadBytes(NioSocketChannel.java:350) ~[netty-transport-4.1.69.Final.jar:4.1.69.Final]
	at io.netty.channel.nio.AbstractNioByteChannel$NioByteUnsafe.read(AbstractNioByteChannel.java:151) [netty-transport-4.1.69.Final.jar:4.1.69.Final]
	at io.netty.channel.nio.NioEventLoop.processSelectedKey(NioEventLoop.java:719) [netty-transport-4.1.69.Final.jar:4.1.69.Final]
	at io.netty.channel.nio.NioEventLoop.processSelectedKeysOptimized(NioEventLoop.java:655) [netty-transport-4.1.69.Final.jar:4.1.69.Final]
	at io.netty.channel.nio.NioEventLoop.processSelectedKeys(NioEventLoop.java:581) [netty-transport-4.1.69.Final.jar:4.1.69.Final]
	at io.netty.channel.nio.NioEventLoop.run(NioEventLoop.java:493) [netty-transport-4.1.69.Final.jar:4.1.69.Final]
	at io.netty.util.concurrent.SingleThreadEventExecutor$4.run(SingleThreadEventExecutor.java:986) [netty-common-4.1.69.Final.jar:4.1.69.Final]
	at io.netty.util.internal.ThreadExecutorMap$2.run(ThreadExecutorMap.java:74) [netty-common-4.1.69.Final.jar:4.1.69.Final]
	at io.netty.util.concurrent.FastThreadLocalRunnable.run(FastThreadLocalRunnable.java:30) [netty-common-4.1.69.Final.jar:4.1.69.Final]
	at java.lang.Thread.run(Thread.java:833) [?:?]
2022-09-24 14:18:14 INFO  SetUp - Browser Closed..
2022-09-24 14:18:52 INFO  Utils - [TestNG] Running:
  C:\Users\vivek.zambre\git\MasterFramework\MasterFramework\src\test\resources\RunnerFiles\testng.xml

2022-09-24 14:18:52 INFO  SetUp - Test Case_VerifyCRMLogin_Successfully Started
2022-09-24 14:18:55 INFO  WebDriverManager - Using chromedriver 105.0.5195.52 (resolved driver for Chrome 105)
2022-09-24 14:18:55 INFO  WebDriverManager - Exporting webdriver.chrome.driver as C:\Users\vivek.zambre\.cache\selenium\chromedriver\win32\105.0.5195.52\chromedriver.exe
2022-09-24 14:18:58 INFO  SetUp - Chrome Browser Launched..
2022-09-24 14:19:02 INFO  SetUp - URL : https://tucltest.crmnext.com/GOLD7_Dev/app/login/login
2022-09-24 14:19:02 INFO  ScreenShot - ScreenShot captured LoginPage || Status :Pass
2022-09-24 14:19:03 INFO  CommonMethods - Sucessfully clicked on Username_XPATH
2022-09-24 14:19:04 INFO  CommonMethods - Data sucessfully entered on Username_XPATH = apowle
2022-09-24 14:19:04 INFO  CommonMethods - Sucessfully clicked on password_XPATH
2022-09-24 14:19:05 INFO  CommonMethods - Data sucessfully entered on password_XPATH = acid_qa
2022-09-24 14:19:16 INFO  CommonMethods - Sucessfully clicked on loginBtn_XPATH
2022-09-24 14:19:23 INFO  CommonMethods - Sucessfully clicked on CaseObject_XPATH
2022-09-24 14:19:27 INFO  CommonMethods - Sucessfully clicked on RequestType_XPATH
2022-09-24 14:19:30 INFO  CommonMethods - Sucessfully clicked on RequestSearchBox_XPATH
2022-09-24 14:19:31 INFO  CommonMethods - Data sucessfully entered on RequestSearchBox_XPATH = Account ownership
2022-09-24 14:19:34 INFO  CommonMethods - Sucessfully clicked on EnterArrow_XPATH
2022-09-24 14:19:38 INFO  CommonMethods - Sucessfully clicked on selectAccountOwnership_XPATH
2022-09-24 14:19:39 INFO  CommonMethods - Sucessfully clicked on HelpSymbol_XPATH
2022-09-24 14:19:39 INFO  CommonMethods - Data = Email Sucessfully Selected from dropdown channel_XPATH
2022-09-24 14:19:39 ERROR SetUp - VerifyCRMLogin Get Failed due to 
no such element: Unable to locate element: {"method":"xpath","selector":"//select[@name='cust_161']"}
  (Session info: chrome=105.0.5195.127)
For documentation on this error, please visit: https://selenium.dev/exceptions/#no_such_element
Build info: version: '4.1.0', revision: '87802e897b'
System info: host: 'VIVEKZAMBRE', ip: '192.168.64.217', os.name: 'Windows 10', os.arch: 'amd64', os.version: '10.0', java.version: '17.0.2'
Driver info: org.openqa.selenium.chrome.ChromeDriver
Command: [4058db67d7fb973de32711b3e1752291, findElement {using=xpath, value=//select[@name='cust_161']}]
Capabilities {acceptInsecureCerts: false, browserName: chrome, browserVersion: 105.0.5195.127, chrome: {chromedriverVersion: 105.0.5195.52 (412c95e51883..., userDataDir: C:\Users\VIVEK~1.ZAM\AppDat...}, goog:chromeOptions: {debuggerAddress: localhost:51526}, javascriptEnabled: true, networkConnectionEnabled: false, pageLoadStrategy: normal, platform: WINDOWS, platformName: WINDOWS, proxy: Proxy(), se:cdp: ws://localhost:51526/devtoo..., se:cdpVersion: 105.0.5195.127, setWindowRect: true, strictFileInteractability: false, timeouts: {implicit: 0, pageLoad: 300000, script: 30000}, unhandledPromptBehavior: dismiss and notify, webauthn:extension:credBlob: true, webauthn:extension:largeBlob: true, webauthn:virtualAuthenticators: true}
Session ID: 4058db67d7fb973de32711b3e1752291
2022-09-24 14:19:39 INFO  ScreenShot - ScreenShot captured VerifyCRMLogin || Status :Fail
2022-09-24 14:19:40 INFO  CommonMethods - Row num for TestScenario = VerifyCRMLogin is = 1
2022-09-24 14:19:41 INFO  ExcelOperation - Write to excel with : Row=1 | Cell =3 | Data =Fail
2022-09-24 14:19:42 WARN  WebSocketHandler - onError
java.net.SocketException: Connection reset
	at sun.nio.ch.SocketChannelImpl.throwConnectionReset(SocketChannelImpl.java:394) ~[?:?]
	at sun.nio.ch.SocketChannelImpl.read(SocketChannelImpl.java:426) ~[?:?]
	at io.netty.buffer.PooledByteBuf.setBytes(PooledByteBuf.java:253) ~[netty-buffer-4.1.69.Final.jar:4.1.69.Final]
	at io.netty.buffer.AbstractByteBuf.writeBytes(AbstractByteBuf.java:1132) ~[netty-buffer-4.1.69.Final.jar:4.1.69.Final]
	at io.netty.channel.socket.nio.NioSocketChannel.doReadBytes(NioSocketChannel.java:350) ~[netty-transport-4.1.69.Final.jar:4.1.69.Final]
	at io.netty.channel.nio.AbstractNioByteChannel$NioByteUnsafe.read(AbstractNioByteChannel.java:151) [netty-transport-4.1.69.Final.jar:4.1.69.Final]
	at io.netty.channel.nio.NioEventLoop.processSelectedKey(NioEventLoop.java:719) [netty-transport-4.1.69.Final.jar:4.1.69.Final]
	at io.netty.channel.nio.NioEventLoop.processSelectedKeysOptimized(NioEventLoop.java:655) [netty-transport-4.1.69.Final.jar:4.1.69.Final]
	at io.netty.channel.nio.NioEventLoop.processSelectedKeys(NioEventLoop.java:581) [netty-transport-4.1.69.Final.jar:4.1.69.Final]
	at io.netty.channel.nio.NioEventLoop.run(NioEventLoop.java:493) [netty-transport-4.1.69.Final.jar:4.1.69.Final]
	at io.netty.util.concurrent.SingleThreadEventExecutor$4.run(SingleThreadEventExecutor.java:986) [netty-common-4.1.69.Final.jar:4.1.69.Final]
	at io.netty.util.internal.ThreadExecutorMap$2.run(ThreadExecutorMap.java:74) [netty-common-4.1.69.Final.jar:4.1.69.Final]
	at io.netty.util.concurrent.FastThreadLocalRunnable.run(FastThreadLocalRunnable.java:30) [netty-common-4.1.69.Final.jar:4.1.69.Final]
	at java.lang.Thread.run(Thread.java:833) [?:?]
2022-09-24 14:19:43 INFO  SetUp - Browser Closed..
2022-09-24 14:36:13 INFO  Utils - [TestNG] Running:
  C:\Users\vivek.zambre\git\MasterFramework\MasterFramework\src\test\resources\RunnerFiles\testng.xml

2022-09-24 14:36:13 INFO  SetUp - Test Case_VerifyCRMLogin_Successfully Started
2022-09-24 14:36:14 INFO  WebDriverManager - Using chromedriver 105.0.5195.52 (resolved driver for Chrome 105)
2022-09-24 14:36:15 INFO  WebDriverManager - Exporting webdriver.chrome.driver as C:\Users\vivek.zambre\.cache\selenium\chromedriver\win32\105.0.5195.52\chromedriver.exe
2022-09-24 14:36:16 INFO  SetUp - Chrome Browser Launched..
2022-09-24 14:36:21 INFO  SetUp - URL : https://tucltest.crmnext.com/GOLD7_Dev/app/login/login
2022-09-24 14:36:21 INFO  ScreenShot - ScreenShot captured LoginPage || Status :Pass
2022-09-24 14:36:21 INFO  CommonMethods - Sucessfully clicked on Username_XPATH
2022-09-24 14:36:21 INFO  CommonMethods - Data sucessfully entered on Username_XPATH = apowle
2022-09-24 14:36:21 INFO  CommonMethods - Sucessfully clicked on password_XPATH
2022-09-24 14:36:22 INFO  CommonMethods - Data sucessfully entered on password_XPATH = acid_qa
2022-09-24 14:36:29 INFO  CommonMethods - Sucessfully clicked on loginBtn_XPATH
2022-09-24 14:36:34 INFO  CommonMethods - Sucessfully clicked on CaseObject_XPATH
2022-09-24 14:36:39 INFO  CommonMethods - Sucessfully clicked on RequestType_XPATH
2022-09-24 14:36:42 INFO  CommonMethods - Sucessfully clicked on RequestSearchBox_XPATH
2022-09-24 14:36:42 INFO  CommonMethods - Data sucessfully entered on RequestSearchBox_XPATH = Account ownership
2022-09-24 14:36:46 INFO  CommonMethods - Sucessfully clicked on EnterArrow_XPATH
2022-09-24 14:36:49 INFO  CommonMethods - Sucessfully clicked on selectAccountOwnership_XPATH
2022-09-24 14:36:50 INFO  CommonMethods - Sucessfully clicked on HelpSymbol_XPATH
2022-09-24 14:38:03 INFO  Utils - [TestNG] Running:
  C:\Users\vivek.zambre\git\MasterFramework\MasterFramework\src\test\resources\RunnerFiles\testng.xml

2022-09-24 14:38:03 INFO  SetUp - Test Case_VerifyCRMLogin_Successfully Started
2022-09-24 14:38:04 INFO  WebDriverManager - Using chromedriver 105.0.5195.52 (resolved driver for Chrome 105)
2022-09-24 14:38:04 INFO  WebDriverManager - Exporting webdriver.chrome.driver as C:\Users\vivek.zambre\.cache\selenium\chromedriver\win32\105.0.5195.52\chromedriver.exe
2022-09-24 14:38:06 INFO  SetUp - Chrome Browser Launched..
2022-09-24 14:38:09 INFO  SetUp - URL : https://tucltest.crmnext.com/GOLD7_Dev/app/login/login
2022-09-24 14:38:10 INFO  ScreenShot - ScreenShot captured LoginPage || Status :Pass
2022-09-24 14:38:10 INFO  CommonMethods - Sucessfully clicked on Username_XPATH
2022-09-24 14:38:10 INFO  CommonMethods - Data sucessfully entered on Username_XPATH = apowle
2022-09-24 14:38:10 INFO  CommonMethods - Sucessfully clicked on password_XPATH
2022-09-24 14:38:10 INFO  CommonMethods - Data sucessfully entered on password_XPATH = acid_qa
2022-09-24 14:38:18 INFO  CommonMethods - Sucessfully clicked on loginBtn_XPATH
2022-09-24 14:38:25 INFO  CommonMethods - Sucessfully clicked on CaseObject_XPATH
2022-09-24 14:38:29 INFO  CommonMethods - Sucessfully clicked on RequestType_XPATH
2022-09-24 14:38:32 INFO  CommonMethods - Sucessfully clicked on RequestSearchBox_XPATH
2022-09-24 14:38:33 INFO  CommonMethods - Data sucessfully entered on RequestSearchBox_XPATH = Account ownership
2022-09-24 14:38:36 INFO  CommonMethods - Sucessfully clicked on EnterArrow_XPATH
2022-09-24 14:38:39 INFO  CommonMethods - Sucessfully clicked on selectAccountOwnership_XPATH
2022-09-24 14:38:40 INFO  CommonMethods - Sucessfully clicked on HelpSymbol_XPATH
2022-09-24 14:39:47 ERROR CommonMethods - Not Sucessfully clicked on clickonRaisedbyRadiobutton_XPATH due to :Expected condition failed: waiting for visibility of element located by By.xpath: //div[@class='field relative w-100 field-mandatory error onlyTextBox']//i[@class='icon icon-acid-search'] (tried for 60 second(s) with 500 milliseconds interval)
Build info: version: '4.1.0', revision: '87802e897b'
System info: host: 'VIVEKZAMBRE', ip: '192.168.64.217', os.name: 'Windows 10', os.arch: 'amd64', os.version: '10.0', java.version: '17.0.2'
Driver info: org.openqa.selenium.chrome.ChromeDriver
Capabilities {acceptInsecureCerts: false, browserName: chrome, browserVersion: 105.0.5195.127, chrome: {chromedriverVersion: 105.0.5195.52 (412c95e51883..., userDataDir: C:\Users\VIVEK~1.ZAM\AppDat...}, goog:chromeOptions: {debuggerAddress: localhost:52135}, javascriptEnabled: true, networkConnectionEnabled: false, pageLoadStrategy: normal, platform: WINDOWS, platformName: WINDOWS, proxy: Proxy(), se:cdp: ws://localhost:52135/devtoo..., se:cdpVersion: 105.0.5195.127, setWindowRect: true, strictFileInteractability: false, timeouts: {implicit: 0, pageLoad: 300000, script: 30000}, unhandledPromptBehavior: dismiss and notify, webauthn:extension:credBlob: true, webauthn:extension:largeBlob: true, webauthn:virtualAuthenticators: true}
Session ID: 58ebbbd34c97f765947a826db5d67752
2022-09-24 14:40:31 INFO  Utils - [TestNG] Running:
  C:\Users\vivek.zambre\git\MasterFramework\MasterFramework\src\test\resources\RunnerFiles\testng.xml

2022-09-24 14:40:31 INFO  SetUp - Test Case_VerifyCRMLogin_Successfully Started
2022-09-24 14:40:32 INFO  WebDriverManager - Using chromedriver 105.0.5195.52 (resolved driver for Chrome 105)
2022-09-24 14:40:32 INFO  WebDriverManager - Exporting webdriver.chrome.driver as C:\Users\vivek.zambre\.cache\selenium\chromedriver\win32\105.0.5195.52\chromedriver.exe
2022-09-24 14:40:34 INFO  SetUp - Chrome Browser Launched..
2022-09-24 14:40:38 INFO  SetUp - URL : https://tucltest.crmnext.com/GOLD7_Dev/app/login/login
2022-09-24 14:40:38 INFO  ScreenShot - ScreenShot captured LoginPage || Status :Pass
2022-09-24 14:40:39 INFO  CommonMethods - Sucessfully clicked on Username_XPATH
2022-09-24 14:40:39 INFO  CommonMethods - Data sucessfully entered on Username_XPATH = apowle
2022-09-24 14:40:39 INFO  CommonMethods - Sucessfully clicked on password_XPATH
2022-09-24 14:40:39 INFO  CommonMethods - Data sucessfully entered on password_XPATH = acid_qa
2022-09-24 14:40:47 INFO  CommonMethods - Sucessfully clicked on loginBtn_XPATH
2022-09-24 14:40:53 INFO  CommonMethods - Sucessfully clicked on CaseObject_XPATH
2022-09-24 14:40:57 INFO  CommonMethods - Sucessfully clicked on RequestType_XPATH
2022-09-24 14:41:00 INFO  CommonMethods - Sucessfully clicked on RequestSearchBox_XPATH
2022-09-24 14:41:00 INFO  CommonMethods - Data sucessfully entered on RequestSearchBox_XPATH = Account ownership
2022-09-24 14:41:03 INFO  CommonMethods - Sucessfully clicked on EnterArrow_XPATH
2022-09-24 14:41:06 INFO  CommonMethods - Sucessfully clicked on selectAccountOwnership_XPATH
2022-09-24 14:41:08 INFO  CommonMethods - Sucessfully clicked on HelpSymbol_XPATH
2022-09-24 14:42:08 ERROR CommonMethods - Not Sucessfully clicked on clickonRaisedbyRadiobutton_XPATH due to :Expected condition failed: waiting for visibility of element located by By.xpath: //div[@class='field relative w-100 field-mandatory error onlyTextBox']//i[@class='icon icon-acid-search'] (tried for 60 second(s) with 500 milliseconds interval)
Build info: version: '4.1.0', revision: '87802e897b'
System info: host: 'VIVEKZAMBRE', ip: '192.168.64.217', os.name: 'Windows 10', os.arch: 'amd64', os.version: '10.0', java.version: '17.0.2'
Driver info: org.openqa.selenium.chrome.ChromeDriver
Capabilities {acceptInsecureCerts: false, browserName: chrome, browserVersion: 105.0.5195.127, chrome: {chromedriverVersion: 105.0.5195.52 (412c95e51883..., userDataDir: C:\Users\VIVEK~1.ZAM\AppDat...}, goog:chromeOptions: {debuggerAddress: localhost:52257}, javascriptEnabled: true, networkConnectionEnabled: false, pageLoadStrategy: normal, platform: WINDOWS, platformName: WINDOWS, proxy: Proxy(), se:cdp: ws://localhost:52257/devtoo..., se:cdpVersion: 105.0.5195.127, setWindowRect: true, strictFileInteractability: false, timeouts: {implicit: 0, pageLoad: 300000, script: 30000}, unhandledPromptBehavior: dismiss and notify, webauthn:extension:credBlob: true, webauthn:extension:largeBlob: true, webauthn:virtualAuthenticators: true}
Session ID: 3434ff7e5bcc81f35375ea9398b8eb57
2022-09-24 14:43:09 ERROR CommonMethods - Not Sucessfully clicked on RaisedbySearchBox_XPATH due to :Expected condition failed: waiting for visibility of element located by By.xpath: //input[contains(@name,'Grid_SearchTextBox')] (tried for 60 second(s) with 500 milliseconds interval)
Build info: version: '4.1.0', revision: '87802e897b'
System info: host: 'VIVEKZAMBRE', ip: '192.168.64.217', os.name: 'Windows 10', os.arch: 'amd64', os.version: '10.0', java.version: '17.0.2'
Driver info: org.openqa.selenium.chrome.ChromeDriver
Capabilities {acceptInsecureCerts: false, browserName: chrome, browserVersion: 105.0.5195.127, chrome: {chromedriverVersion: 105.0.5195.52 (412c95e51883..., userDataDir: C:\Users\VIVEK~1.ZAM\AppDat...}, goog:chromeOptions: {debuggerAddress: localhost:52257}, javascriptEnabled: true, networkConnectionEnabled: false, pageLoadStrategy: normal, platform: WINDOWS, platformName: WINDOWS, proxy: Proxy(), se:cdp: ws://localhost:52257/devtoo..., se:cdpVersion: 105.0.5195.127, setWindowRect: true, strictFileInteractability: false, timeouts: {implicit: 0, pageLoad: 300000, script: 30000}, unhandledPromptBehavior: dismiss and notify, webauthn:extension:credBlob: true, webauthn:extension:largeBlob: true, webauthn:virtualAuthenticators: true}
Session ID: 3434ff7e5bcc81f35375ea9398b8eb57
2022-09-24 14:43:09 ERROR CommonMethods - Data Not Sucessfully entered on RaisedbySearchBox_XPATH due to :no such element: Unable to locate element: {"method":"xpath","selector":"//input[contains(@name,'Grid_SearchTextBox')]"}
  (Session info: chrome=105.0.5195.127)
For documentation on this error, please visit: https://selenium.dev/exceptions/#no_such_element
Build info: version: '4.1.0', revision: '87802e897b'
System info: host: 'VIVEKZAMBRE', ip: '192.168.64.217', os.name: 'Windows 10', os.arch: 'amd64', os.version: '10.0', java.version: '17.0.2'
Driver info: org.openqa.selenium.chrome.ChromeDriver
Command: [3434ff7e5bcc81f35375ea9398b8eb57, findElement {using=xpath, value=//input[contains(@name,'Grid_SearchTextBox')]}]
Capabilities {acceptInsecureCerts: false, browserName: chrome, browserVersion: 105.0.5195.127, chrome: {chromedriverVersion: 105.0.5195.52 (412c95e51883..., userDataDir: C:\Users\VIVEK~1.ZAM\AppDat...}, goog:chromeOptions: {debuggerAddress: localhost:52257}, javascriptEnabled: true, networkConnectionEnabled: false, pageLoadStrategy: normal, platform: WINDOWS, platformName: WINDOWS, proxy: Proxy(), se:cdp: ws://localhost:52257/devtoo..., se:cdpVersion: 105.0.5195.127, setWindowRect: true, strictFileInteractability: false, timeouts: {implicit: 0, pageLoad: 300000, script: 30000}, unhandledPromptBehavior: dismiss and notify, webauthn:extension:credBlob: true, webauthn:extension:largeBlob: true, webauthn:virtualAuthenticators: true}
Session ID: 3434ff7e5bcc81f35375ea9398b8eb57
2022-09-24 14:44:12 ERROR CommonMethods - Not Sucessfully clicked on EnterArrow_XPATH due to :Expected condition failed: waiting for visibility of element located by By.xpath: //a[@class='filterGroup__button acid-btn acid-btn--outline-brand'] (tried for 60 second(s) with 500 milliseconds interval)
Build info: version: '4.1.0', revision: '87802e897b'
System info: host: 'VIVEKZAMBRE', ip: '192.168.64.217', os.name: 'Windows 10', os.arch: 'amd64', os.version: '10.0', java.version: '17.0.2'
Driver info: org.openqa.selenium.chrome.ChromeDriver
Capabilities {acceptInsecureCerts: false, browserName: chrome, browserVersion: 105.0.5195.127, chrome: {chromedriverVersion: 105.0.5195.52 (412c95e51883..., userDataDir: C:\Users\VIVEK~1.ZAM\AppDat...}, goog:chromeOptions: {debuggerAddress: localhost:52257}, javascriptEnabled: true, networkConnectionEnabled: false, pageLoadStrategy: normal, platform: WINDOWS, platformName: WINDOWS, proxy: Proxy(), se:cdp: ws://localhost:52257/devtoo..., se:cdpVersion: 105.0.5195.127, setWindowRect: true, strictFileInteractability: false, timeouts: {implicit: 0, pageLoad: 300000, script: 30000}, unhandledPromptBehavior: dismiss and notify, webauthn:extension:credBlob: true, webauthn:extension:largeBlob: true, webauthn:virtualAuthenticators: true}
Session ID: 3434ff7e5bcc81f35375ea9398b8eb57
2022-09-24 14:45:15 ERROR CommonMethods - Not Sucessfully clicked on SelectConsumer_XPATH due to :Expected condition failed: waiting for visibility of element located by By.xpath: //div[@data-autoid='DisplayName_0'] (tried for 60 second(s) with 500 milliseconds interval)
Build info: version: '4.1.0', revision: '87802e897b'
System info: host: 'VIVEKZAMBRE', ip: '192.168.64.217', os.name: 'Windows 10', os.arch: 'amd64', os.version: '10.0', java.version: '17.0.2'
Driver info: org.openqa.selenium.chrome.ChromeDriver
Capabilities {acceptInsecureCerts: false, browserName: chrome, browserVersion: 105.0.5195.127, chrome: {chromedriverVersion: 105.0.5195.52 (412c95e51883..., userDataDir: C:\Users\VIVEK~1.ZAM\AppDat...}, goog:chromeOptions: {debuggerAddress: localhost:52257}, javascriptEnabled: true, networkConnectionEnabled: false, pageLoadStrategy: normal, platform: WINDOWS, platformName: WINDOWS, proxy: Proxy(), se:cdp: ws://localhost:52257/devtoo..., se:cdpVersion: 105.0.5195.127, setWindowRect: true, strictFileInteractability: false, timeouts: {implicit: 0, pageLoad: 300000, script: 30000}, unhandledPromptBehavior: dismiss and notify, webauthn:extension:credBlob: true, webauthn:extension:largeBlob: true, webauthn:virtualAuthenticators: true}
Session ID: 3434ff7e5bcc81f35375ea9398b8eb57
2022-09-24 14:45:15 INFO  CommonMethods - Data = Email Sucessfully Selected from dropdown channel_XPATH
2022-09-24 14:45:19 INFO  CommonMethods - Sucessfully clicked on SaveAndProceed_XPATH
2022-09-24 14:45:36 INFO  CommonMethods - Sucessfully clicked on Edit_XPATH
2022-09-24 14:45:40 INFO  CommonMethods - Sucessfully clicked on ClickEdit_XPATH
2022-09-24 14:45:41 INFO  CommonMethods - Sucessfully clicked on Select_AssignedTo_Team_XPATH
2022-09-24 14:45:47 INFO  CommonMethods - Sucessfully clicked on Value_XPATH
2022-09-24 14:45:50 INFO  CommonMethods - Sucessfully clicked on SaveAndProceed_XPATH
2022-09-24 14:45:55 INFO  CommonMethods - Sucessfully clicked on ProfileBtn_XPATH
2022-09-24 14:45:58 INFO  CommonMethods - Sucessfully clicked on logoutBtn_XPATH
2022-09-24 14:45:58 INFO  LoginPage - Sucessfully logout..
2022-09-24 14:46:00 INFO  CommonMethods - Sucessfully clicked on username_XPATH
2022-09-24 14:46:00 INFO  CommonMethods - Data sucessfully entered on username_XPATH = assingh
2022-09-24 14:46:00 INFO  CommonMethods - Sucessfully clicked on password_XPATH
2022-09-24 14:46:00 INFO  CommonMethods - Data sucessfully entered on password_XPATH = acid_qa
2022-09-24 14:46:05 INFO  CommonMethods - Sucessfully clicked on loginBtn_XPATH
2022-09-24 14:46:08 INFO  CommonMethods - Sucessfully clicked on clickoncase_XPATH
2022-09-24 14:46:09 INFO  CommonMethods - Sucessfully clicked on Select_Assignedtoteam_XPATH
2022-09-24 14:46:09 INFO  CommonMethods - Data = Assigned to Team Sucessfully Selected from dropdown Select_Valuefromdropdown_XPATH
2022-09-24 14:46:12 INFO  CommonMethods - Sucessfully clicked on ClickOnArrowButton_XPATH
2022-09-24 14:46:12 INFO  SetUp - Test Case_VerifyCRMLogin_Successfully Passed
2022-09-24 14:46:12 INFO  CommonMethods - Row num for TestScenario = VerifyCRMLogin is = 1
2022-09-24 14:46:13 INFO  ExcelOperation - Write to excel with : Row=1 | Cell =3 | Data =Pass
2022-09-24 14:46:15 WARN  WebSocketHandler - onError
java.net.SocketException: Connection reset
	at sun.nio.ch.SocketChannelImpl.throwConnectionReset(SocketChannelImpl.java:394) ~[?:?]
	at sun.nio.ch.SocketChannelImpl.read(SocketChannelImpl.java:426) ~[?:?]
	at io.netty.buffer.PooledByteBuf.setBytes(PooledByteBuf.java:253) ~[netty-buffer-4.1.69.Final.jar:4.1.69.Final]
	at io.netty.buffer.AbstractByteBuf.writeBytes(AbstractByteBuf.java:1132) ~[netty-buffer-4.1.69.Final.jar:4.1.69.Final]
	at io.netty.channel.socket.nio.NioSocketChannel.doReadBytes(NioSocketChannel.java:350) ~[netty-transport-4.1.69.Final.jar:4.1.69.Final]
	at io.netty.channel.nio.AbstractNioByteChannel$NioByteUnsafe.read(AbstractNioByteChannel.java:151) [netty-transport-4.1.69.Final.jar:4.1.69.Final]
	at io.netty.channel.nio.NioEventLoop.processSelectedKey(NioEventLoop.java:719) [netty-transport-4.1.69.Final.jar:4.1.69.Final]
	at io.netty.channel.nio.NioEventLoop.processSelectedKeysOptimized(NioEventLoop.java:655) [netty-transport-4.1.69.Final.jar:4.1.69.Final]
	at io.netty.channel.nio.NioEventLoop.processSelectedKeys(NioEventLoop.java:581) [netty-transport-4.1.69.Final.jar:4.1.69.Final]
	at io.netty.channel.nio.NioEventLoop.run(NioEventLoop.java:493) [netty-transport-4.1.69.Final.jar:4.1.69.Final]
	at io.netty.util.concurrent.SingleThreadEventExecutor$4.run(SingleThreadEventExecutor.java:986) [netty-common-4.1.69.Final.jar:4.1.69.Final]
	at io.netty.util.internal.ThreadExecutorMap$2.run(ThreadExecutorMap.java:74) [netty-common-4.1.69.Final.jar:4.1.69.Final]
	at io.netty.util.concurrent.FastThreadLocalRunnable.run(FastThreadLocalRunnable.java:30) [netty-common-4.1.69.Final.jar:4.1.69.Final]
	at java.lang.Thread.run(Thread.java:833) [?:?]
2022-09-24 14:46:15 INFO  SetUp - Browser Closed..
2022-09-24 15:17:56 INFO  Utils - [TestNG] Running:
  C:\Users\vivek.zambre\git\MasterFramework\MasterFramework\src\test\resources\RunnerFiles\testng.xml

2022-09-24 15:17:56 INFO  SetUp - Test Case_VerifyCRMLogin_Successfully Started
2022-09-24 15:18:00 INFO  WebDriverManager - Using chromedriver 105.0.5195.52 (resolved driver for Chrome 105)
2022-09-24 15:18:00 INFO  WebDriverManager - Exporting webdriver.chrome.driver as C:\Users\vivek.zambre\.cache\selenium\chromedriver\win32\105.0.5195.52\chromedriver.exe
2022-09-24 15:18:01 INFO  SetUp - Chrome Browser Launched..
2022-09-24 15:18:06 INFO  SetUp - URL : https://tucltest.crmnext.com/GOLD7_Dev/app/login/login
2022-09-24 15:18:06 INFO  ScreenShot - ScreenShot captured LoginPage || Status :Pass
2022-09-24 15:18:07 INFO  CommonMethods - Sucessfully clicked on Username_XPATH
2022-09-24 15:18:07 INFO  CommonMethods - Data sucessfully entered on Username_XPATH = apowle
2022-09-24 15:18:08 INFO  CommonMethods - Sucessfully clicked on password_XPATH
2022-09-24 15:18:09 INFO  CommonMethods - Data sucessfully entered on password_XPATH = acid_qa
2022-09-24 15:18:22 INFO  CommonMethods - Sucessfully clicked on loginBtn_XPATH
2022-09-24 15:18:27 INFO  CommonMethods - Sucessfully clicked on CaseObject_XPATH
2022-09-24 15:18:32 INFO  CommonMethods - Sucessfully clicked on RequestType_XPATH
2022-09-24 15:18:35 INFO  CommonMethods - Sucessfully clicked on RequestSearchBox_XPATH
2022-09-24 15:18:36 INFO  CommonMethods - Data sucessfully entered on RequestSearchBox_XPATH = Account ownership
2022-09-24 15:18:39 INFO  CommonMethods - Sucessfully clicked on EnterArrow_XPATH
2022-09-24 15:18:42 INFO  CommonMethods - Sucessfully clicked on selectAccountOwnership_XPATH
2022-09-24 15:18:44 INFO  CommonMethods - Sucessfully clicked on HelpSymbol_XPATH
2022-09-24 15:18:44 INFO  CommonMethods - Sucessfully clicked on clickonRaisedbyRadiobutton_XPATH
2022-09-24 15:19:40 INFO  Utils - [TestNG] Running:
  C:\Users\vivek.zambre\git\MasterFramework\MasterFramework\src\test\resources\RunnerFiles\testng.xml

2022-09-24 15:19:40 INFO  SetUp - Test Case_VerifyCRMLogin_Successfully Started
2022-09-24 15:19:43 INFO  WebDriverManager - Using chromedriver 105.0.5195.52 (resolved driver for Chrome 105)
2022-09-24 15:19:43 INFO  WebDriverManager - Exporting webdriver.chrome.driver as C:\Users\vivek.zambre\.cache\selenium\chromedriver\win32\105.0.5195.52\chromedriver.exe
2022-09-24 15:19:45 INFO  SetUp - Chrome Browser Launched..
2022-09-24 15:19:49 INFO  SetUp - URL : https://tucltest.crmnext.com/GOLD7_Dev/app/login/login
2022-09-24 15:19:50 INFO  ScreenShot - ScreenShot captured LoginPage || Status :Pass
2022-09-24 15:19:50 INFO  CommonMethods - Sucessfully clicked on Username_XPATH
2022-09-24 15:19:51 INFO  CommonMethods - Data sucessfully entered on Username_XPATH = apowle
2022-09-24 15:19:52 INFO  CommonMethods - Sucessfully clicked on password_XPATH
2022-09-24 15:19:53 INFO  CommonMethods - Data sucessfully entered on password_XPATH = acid_qa
2022-09-24 15:20:00 INFO  CommonMethods - Sucessfully clicked on loginBtn_XPATH
2022-09-24 15:20:07 INFO  CommonMethods - Sucessfully clicked on CaseObject_XPATH
2022-09-24 15:20:12 INFO  CommonMethods - Sucessfully clicked on RequestType_XPATH
2022-09-24 15:20:15 INFO  CommonMethods - Sucessfully clicked on RequestSearchBox_XPATH
2022-09-24 15:20:16 INFO  CommonMethods - Data sucessfully entered on RequestSearchBox_XPATH = Account ownership
2022-09-24 15:20:19 INFO  CommonMethods - Sucessfully clicked on EnterArrow_XPATH
2022-09-24 15:20:22 INFO  CommonMethods - Sucessfully clicked on selectAccountOwnership_XPATH
2022-09-24 15:20:23 INFO  CommonMethods - Sucessfully clicked on HelpSymbol_XPATH
2022-09-24 15:20:24 INFO  CommonMethods - Sucessfully clicked on clickonRaisedbyRadiobutton_XPATH
2022-09-24 15:21:24 ERROR CommonMethods - Not Sucessfully clicked on RaisedbySearchBox_XPATH due to :Expected condition failed: waiting for visibility of element located by By.xpath: //input[contains(@name,'Grid_SearchTextBox')] (tried for 60 second(s) with 500 milliseconds interval)
Build info: version: '4.1.0', revision: '87802e897b'
System info: host: 'VIVEKZAMBRE', ip: '192.168.64.217', os.name: 'Windows 10', os.arch: 'amd64', os.version: '10.0', java.version: '17.0.2'
Driver info: org.openqa.selenium.chrome.ChromeDriver
Capabilities {acceptInsecureCerts: false, browserName: chrome, browserVersion: 105.0.5195.127, chrome: {chromedriverVersion: 105.0.5195.52 (412c95e51883..., userDataDir: C:\Users\VIVEK~1.ZAM\AppDat...}, goog:chromeOptions: {debuggerAddress: localhost:53748}, javascriptEnabled: true, networkConnectionEnabled: false, pageLoadStrategy: normal, platform: WINDOWS, platformName: WINDOWS, proxy: Proxy(), se:cdp: ws://localhost:53748/devtoo..., se:cdpVersion: 105.0.5195.127, setWindowRect: true, strictFileInteractability: false, timeouts: {implicit: 0, pageLoad: 300000, script: 30000}, unhandledPromptBehavior: dismiss and notify, webauthn:extension:credBlob: true, webauthn:extension:largeBlob: true, webauthn:virtualAuthenticators: true}
Session ID: dc33807c9caeef882c868ee4ce237230
2022-09-24 15:21:24 ERROR CommonMethods - Data Not Sucessfully entered on RaisedbySearchBox_XPATH due to :no such element: Unable to locate element: {"method":"xpath","selector":"//input[contains(@name,'Grid_SearchTextBox')]"}
  (Session info: chrome=105.0.5195.127)
For documentation on this error, please visit: https://selenium.dev/exceptions/#no_such_element
Build info: version: '4.1.0', revision: '87802e897b'
System info: host: 'VIVEKZAMBRE', ip: '192.168.64.217', os.name: 'Windows 10', os.arch: 'amd64', os.version: '10.0', java.version: '17.0.2'
Driver info: org.openqa.selenium.chrome.ChromeDriver
Command: [dc33807c9caeef882c868ee4ce237230, findElement {using=xpath, value=//input[contains(@name,'Grid_SearchTextBox')]}]
Capabilities {acceptInsecureCerts: false, browserName: chrome, browserVersion: 105.0.5195.127, chrome: {chromedriverVersion: 105.0.5195.52 (412c95e51883..., userDataDir: C:\Users\VIVEK~1.ZAM\AppDat...}, goog:chromeOptions: {debuggerAddress: localhost:53748}, javascriptEnabled: true, networkConnectionEnabled: false, pageLoadStrategy: normal, platform: WINDOWS, platformName: WINDOWS, proxy: Proxy(), se:cdp: ws://localhost:53748/devtoo..., se:cdpVersion: 105.0.5195.127, setWindowRect: true, strictFileInteractability: false, timeouts: {implicit: 0, pageLoad: 300000, script: 30000}, unhandledPromptBehavior: dismiss and notify, webauthn:extension:credBlob: true, webauthn:extension:largeBlob: true, webauthn:virtualAuthenticators: true}
Session ID: dc33807c9caeef882c868ee4ce237230
2022-09-24 15:22:27 ERROR CommonMethods - Not Sucessfully clicked on EnterArrow_XPATH due to :Expected condition failed: waiting for visibility of element located by By.xpath: //a[@class='filterGroup__button acid-btn acid-btn--outline-brand'] (tried for 60 second(s) with 500 milliseconds interval)
Build info: version: '4.1.0', revision: '87802e897b'
System info: host: 'VIVEKZAMBRE', ip: '192.168.64.217', os.name: 'Windows 10', os.arch: 'amd64', os.version: '10.0', java.version: '17.0.2'
Driver info: org.openqa.selenium.chrome.ChromeDriver
Capabilities {acceptInsecureCerts: false, browserName: chrome, browserVersion: 105.0.5195.127, chrome: {chromedriverVersion: 105.0.5195.52 (412c95e51883..., userDataDir: C:\Users\VIVEK~1.ZAM\AppDat...}, goog:chromeOptions: {debuggerAddress: localhost:53748}, javascriptEnabled: true, networkConnectionEnabled: false, pageLoadStrategy: normal, platform: WINDOWS, platformName: WINDOWS, proxy: Proxy(), se:cdp: ws://localhost:53748/devtoo..., se:cdpVersion: 105.0.5195.127, setWindowRect: true, strictFileInteractability: false, timeouts: {implicit: 0, pageLoad: 300000, script: 30000}, unhandledPromptBehavior: dismiss and notify, webauthn:extension:credBlob: true, webauthn:extension:largeBlob: true, webauthn:virtualAuthenticators: true}
Session ID: dc33807c9caeef882c868ee4ce237230
2022-09-24 15:23:30 ERROR CommonMethods - Not Sucessfully clicked on SelectConsumer_XPATH due to :Expected condition failed: waiting for visibility of element located by By.xpath: //div[@data-autoid='DisplayName_0'] (tried for 60 second(s) with 500 milliseconds interval)
Build info: version: '4.1.0', revision: '87802e897b'
System info: host: 'VIVEKZAMBRE', ip: '192.168.64.217', os.name: 'Windows 10', os.arch: 'amd64', os.version: '10.0', java.version: '17.0.2'
Driver info: org.openqa.selenium.chrome.ChromeDriver
Capabilities {acceptInsecureCerts: false, browserName: chrome, browserVersion: 105.0.5195.127, chrome: {chromedriverVersion: 105.0.5195.52 (412c95e51883..., userDataDir: C:\Users\VIVEK~1.ZAM\AppDat...}, goog:chromeOptions: {debuggerAddress: localhost:53748}, javascriptEnabled: true, networkConnectionEnabled: false, pageLoadStrategy: normal, platform: WINDOWS, platformName: WINDOWS, proxy: Proxy(), se:cdp: ws://localhost:53748/devtoo..., se:cdpVersion: 105.0.5195.127, setWindowRect: true, strictFileInteractability: false, timeouts: {implicit: 0, pageLoad: 300000, script: 30000}, unhandledPromptBehavior: dismiss and notify, webauthn:extension:credBlob: true, webauthn:extension:largeBlob: true, webauthn:virtualAuthenticators: true}
Session ID: dc33807c9caeef882c868ee4ce237230
2022-09-24 15:23:30 INFO  CommonMethods - Data = Email Sucessfully Selected from dropdown channel_XPATH
2022-09-24 15:23:33 INFO  CommonMethods - Sucessfully clicked on SaveAndProceed_XPATH
2022-09-24 15:24:34 ERROR CommonMethods - Not Sucessfully clicked on Edit_XPATH due to :Expected condition failed: waiting for visibility of element located by By.xpath: //div[@title='click here to see more actions'] (tried for 60 second(s) with 500 milliseconds interval)
Build info: version: '4.1.0', revision: '87802e897b'
System info: host: 'VIVEKZAMBRE', ip: '192.168.64.217', os.name: 'Windows 10', os.arch: 'amd64', os.version: '10.0', java.version: '17.0.2'
Driver info: org.openqa.selenium.chrome.ChromeDriver
Capabilities {acceptInsecureCerts: false, browserName: chrome, browserVersion: 105.0.5195.127, chrome: {chromedriverVersion: 105.0.5195.52 (412c95e51883..., userDataDir: C:\Users\VIVEK~1.ZAM\AppDat...}, goog:chromeOptions: {debuggerAddress: localhost:53748}, javascriptEnabled: true, networkConnectionEnabled: false, pageLoadStrategy: normal, platform: WINDOWS, platformName: WINDOWS, proxy: Proxy(), se:cdp: ws://localhost:53748/devtoo..., se:cdpVersion: 105.0.5195.127, setWindowRect: true, strictFileInteractability: false, timeouts: {implicit: 0, pageLoad: 300000, script: 30000}, unhandledPromptBehavior: dismiss and notify, webauthn:extension:credBlob: true, webauthn:extension:largeBlob: true, webauthn:virtualAuthenticators: true}
Session ID: dc33807c9caeef882c868ee4ce237230
2022-09-24 15:25:38 INFO  Utils - [TestNG] Running:
  C:\Users\vivek.zambre\git\MasterFramework\MasterFramework\src\test\resources\RunnerFiles\testng.xml

2022-09-24 15:25:38 INFO  SetUp - Test Case_VerifyCRMLogin_Successfully Started
2022-09-24 15:25:42 INFO  WebDriverManager - Using chromedriver 105.0.5195.52 (resolved driver for Chrome 105)
2022-09-24 15:25:42 INFO  WebDriverManager - Exporting webdriver.chrome.driver as C:\Users\vivek.zambre\.cache\selenium\chromedriver\win32\105.0.5195.52\chromedriver.exe
2022-09-24 15:25:45 INFO  SetUp - Chrome Browser Launched..
2022-09-24 15:25:49 INFO  SetUp - URL : https://tucltest.crmnext.com/GOLD7_Dev/app/login/login
2022-09-24 15:25:50 INFO  ScreenShot - ScreenShot captured LoginPage || Status :Pass
2022-09-24 15:25:50 INFO  CommonMethods - Sucessfully clicked on Username_XPATH
2022-09-24 15:25:50 INFO  CommonMethods - Data sucessfully entered on Username_XPATH = apowle
2022-09-24 15:25:51 INFO  CommonMethods - Sucessfully clicked on password_XPATH
2022-09-24 15:25:52 INFO  CommonMethods - Data sucessfully entered on password_XPATH = acid_qa
2022-09-24 15:25:59 INFO  CommonMethods - Sucessfully clicked on loginBtn_XPATH
2022-09-24 15:26:07 INFO  CommonMethods - Sucessfully clicked on CaseObject_XPATH
2022-09-24 15:26:12 INFO  CommonMethods - Sucessfully clicked on RequestType_XPATH
2022-09-24 15:26:15 INFO  CommonMethods - Sucessfully clicked on RequestSearchBox_XPATH
2022-09-24 15:26:16 INFO  CommonMethods - Data sucessfully entered on RequestSearchBox_XPATH = Account ownership
2022-09-24 15:26:19 INFO  CommonMethods - Sucessfully clicked on EnterArrow_XPATH
2022-09-24 15:26:23 INFO  CommonMethods - Sucessfully clicked on selectAccountOwnership_XPATH
2022-09-24 15:26:25 INFO  CommonMethods - Sucessfully clicked on HelpSymbol_XPATH
2022-09-24 15:26:26 INFO  CommonMethods - Sucessfully clicked on clickonRaisedbyRadiobutton_XPATH
2022-09-24 15:27:29 ERROR CommonMethods - Not Sucessfully clicked on RaisedbySearchBox_XPATH due to :Expected condition failed: waiting for visibility of element located by By.xpath: //input[@name='Grid_SearchTextBox'] (tried for 60 second(s) with 500 milliseconds interval)
Build info: version: '4.1.0', revision: '87802e897b'
System info: host: 'VIVEKZAMBRE', ip: '192.168.64.217', os.name: 'Windows 10', os.arch: 'amd64', os.version: '10.0', java.version: '17.0.2'
Driver info: org.openqa.selenium.chrome.ChromeDriver
Capabilities {acceptInsecureCerts: false, browserName: chrome, browserVersion: 105.0.5195.127, chrome: {chromedriverVersion: 105.0.5195.52 (412c95e51883..., userDataDir: C:\Users\VIVEK~1.ZAM\AppDat...}, goog:chromeOptions: {debuggerAddress: localhost:53993}, javascriptEnabled: true, networkConnectionEnabled: false, pageLoadStrategy: normal, platform: WINDOWS, platformName: WINDOWS, proxy: Proxy(), se:cdp: ws://localhost:53993/devtoo..., se:cdpVersion: 105.0.5195.127, setWindowRect: true, strictFileInteractability: false, timeouts: {implicit: 0, pageLoad: 300000, script: 30000}, unhandledPromptBehavior: dismiss and notify, webauthn:extension:credBlob: true, webauthn:extension:largeBlob: true, webauthn:virtualAuthenticators: true}
Session ID: b1d89b0d3f556f647f8bb38f59bbd648
2022-09-24 15:27:29 ERROR CommonMethods - Data Not Sucessfully entered on RaisedbySearchBox_XPATH due to :no such element: Unable to locate element: {"method":"xpath","selector":"//input[@name='Grid_SearchTextBox']"}
  (Session info: chrome=105.0.5195.127)
For documentation on this error, please visit: https://selenium.dev/exceptions/#no_such_element
Build info: version: '4.1.0', revision: '87802e897b'
System info: host: 'VIVEKZAMBRE', ip: '192.168.64.217', os.name: 'Windows 10', os.arch: 'amd64', os.version: '10.0', java.version: '17.0.2'
Driver info: org.openqa.selenium.chrome.ChromeDriver
Command: [b1d89b0d3f556f647f8bb38f59bbd648, findElement {using=xpath, value=//input[@name='Grid_SearchTextBox']}]
Capabilities {acceptInsecureCerts: false, browserName: chrome, browserVersion: 105.0.5195.127, chrome: {chromedriverVersion: 105.0.5195.52 (412c95e51883..., userDataDir: C:\Users\VIVEK~1.ZAM\AppDat...}, goog:chromeOptions: {debuggerAddress: localhost:53993}, javascriptEnabled: true, networkConnectionEnabled: false, pageLoadStrategy: normal, platform: WINDOWS, platformName: WINDOWS, proxy: Proxy(), se:cdp: ws://localhost:53993/devtoo..., se:cdpVersion: 105.0.5195.127, setWindowRect: true, strictFileInteractability: false, timeouts: {implicit: 0, pageLoad: 300000, script: 30000}, unhandledPromptBehavior: dismiss and notify, webauthn:extension:credBlob: true, webauthn:extension:largeBlob: true, webauthn:virtualAuthenticators: true}
Session ID: b1d89b0d3f556f647f8bb38f59bbd648
2022-09-24 15:28:32 ERROR CommonMethods - Not Sucessfully clicked on EnterArrow_XPATH due to :Expected condition failed: waiting for visibility of element located by By.xpath: //a[@class='filterGroup__button acid-btn acid-btn--outline-brand'] (tried for 60 second(s) with 500 milliseconds interval)
Build info: version: '4.1.0', revision: '87802e897b'
System info: host: 'VIVEKZAMBRE', ip: '192.168.64.217', os.name: 'Windows 10', os.arch: 'amd64', os.version: '10.0', java.version: '17.0.2'
Driver info: org.openqa.selenium.chrome.ChromeDriver
Capabilities {acceptInsecureCerts: false, browserName: chrome, browserVersion: 105.0.5195.127, chrome: {chromedriverVersion: 105.0.5195.52 (412c95e51883..., userDataDir: C:\Users\VIVEK~1.ZAM\AppDat...}, goog:chromeOptions: {debuggerAddress: localhost:53993}, javascriptEnabled: true, networkConnectionEnabled: false, pageLoadStrategy: normal, platform: WINDOWS, platformName: WINDOWS, proxy: Proxy(), se:cdp: ws://localhost:53993/devtoo..., se:cdpVersion: 105.0.5195.127, setWindowRect: true, strictFileInteractability: false, timeouts: {implicit: 0, pageLoad: 300000, script: 30000}, unhandledPromptBehavior: dismiss and notify, webauthn:extension:credBlob: true, webauthn:extension:largeBlob: true, webauthn:virtualAuthenticators: true}
Session ID: b1d89b0d3f556f647f8bb38f59bbd648
2022-09-24 15:29:31 INFO  Utils - [TestNG] Running:
  C:\Users\vivek.zambre\git\MasterFramework\MasterFramework\src\test\resources\RunnerFiles\testng.xml

2022-09-24 15:29:32 INFO  SetUp - Test Case_VerifyCRMLogin_Successfully Started
2022-09-24 15:29:33 INFO  WebDriverManager - Using chromedriver 105.0.5195.52 (resolved driver for Chrome 105)
2022-09-24 15:29:33 INFO  WebDriverManager - Exporting webdriver.chrome.driver as C:\Users\vivek.zambre\.cache\selenium\chromedriver\win32\105.0.5195.52\chromedriver.exe
2022-09-24 15:29:35 INFO  SetUp - Chrome Browser Launched..
2022-09-24 15:29:39 INFO  SetUp - URL : https://tucltest.crmnext.com/GOLD7_Dev/app/login/login
2022-09-24 15:29:39 INFO  ScreenShot - ScreenShot captured LoginPage || Status :Pass
2022-09-24 15:29:40 INFO  CommonMethods - Sucessfully clicked on Username_XPATH
2022-09-24 15:29:40 INFO  CommonMethods - Data sucessfully entered on Username_XPATH = apowle
2022-09-24 15:29:40 INFO  CommonMethods - Sucessfully clicked on password_XPATH
2022-09-24 15:29:40 INFO  CommonMethods - Data sucessfully entered on password_XPATH = acid_qa
2022-09-24 15:29:47 INFO  CommonMethods - Sucessfully clicked on loginBtn_XPATH
2022-09-24 15:29:53 INFO  CommonMethods - Sucessfully clicked on CaseObject_XPATH
2022-09-24 15:29:57 INFO  CommonMethods - Sucessfully clicked on RequestType_XPATH
2022-09-24 15:30:00 INFO  CommonMethods - Sucessfully clicked on RequestSearchBox_XPATH
2022-09-24 15:30:01 INFO  CommonMethods - Data sucessfully entered on RequestSearchBox_XPATH = Account ownership
2022-09-24 15:30:04 INFO  CommonMethods - Sucessfully clicked on EnterArrow_XPATH
2022-09-24 15:30:07 INFO  CommonMethods - Sucessfully clicked on selectAccountOwnership_XPATH
2022-09-24 15:30:08 INFO  CommonMethods - Sucessfully clicked on HelpSymbol_XPATH
2022-09-24 15:31:08 ERROR CommonMethods - Not Sucessfully clicked on Edit_XPATH due to :Expected condition failed: waiting for visibility of element located by By.xpath: //div[@title='click here to see more actions'] (tried for 60 second(s) with 500 milliseconds interval)
Build info: version: '4.1.0', revision: '87802e897b'
System info: host: 'VIVEKZAMBRE', ip: '192.168.64.217', os.name: 'Windows 10', os.arch: 'amd64', os.version: '10.0', java.version: '17.0.2'
Driver info: org.openqa.selenium.chrome.ChromeDriver
Capabilities {acceptInsecureCerts: false, browserName: chrome, browserVersion: 105.0.5195.127, chrome: {chromedriverVersion: 105.0.5195.52 (412c95e51883..., userDataDir: C:\Users\VIVEK~1.ZAM\AppDat...}, goog:chromeOptions: {debuggerAddress: localhost:54152}, javascriptEnabled: true, networkConnectionEnabled: false, pageLoadStrategy: normal, platform: WINDOWS, platformName: WINDOWS, proxy: Proxy(), se:cdp: ws://localhost:54152/devtoo..., se:cdpVersion: 105.0.5195.127, setWindowRect: true, strictFileInteractability: false, timeouts: {implicit: 0, pageLoad: 300000, script: 30000}, unhandledPromptBehavior: dismiss and notify, webauthn:extension:credBlob: true, webauthn:extension:largeBlob: true, webauthn:virtualAuthenticators: true}
Session ID: 0413d68941f42464f33712662cc68ec7
2022-09-24 15:37:44 INFO  Utils - [TestNG] Running:
  C:\Users\vivek.zambre\git\MasterFramework\MasterFramework\src\test\resources\RunnerFiles\testng.xml

2022-09-24 15:37:44 INFO  SetUp - Test Case_VerifyCRMLogin_Successfully Started
2022-09-24 15:37:45 INFO  WebDriverManager - Using chromedriver 105.0.5195.52 (resolved driver for Chrome 105)
2022-09-24 15:37:45 INFO  WebDriverManager - Exporting webdriver.chrome.driver as C:\Users\vivek.zambre\.cache\selenium\chromedriver\win32\105.0.5195.52\chromedriver.exe
2022-09-24 15:37:47 INFO  SetUp - Chrome Browser Launched..
2022-09-24 15:37:51 INFO  SetUp - URL : https://tucltest.crmnext.com/GOLD7_Dev/app/login/login
2022-09-24 15:37:51 INFO  ScreenShot - ScreenShot captured LoginPage || Status :Pass
2022-09-24 15:37:51 INFO  CommonMethods - Sucessfully clicked on Username_XPATH
2022-09-24 15:37:51 INFO  CommonMethods - Data sucessfully entered on Username_XPATH = apowle
2022-09-24 15:37:51 INFO  CommonMethods - Sucessfully clicked on password_XPATH
2022-09-24 15:37:52 INFO  CommonMethods - Data sucessfully entered on password_XPATH = acid_qa
2022-09-24 15:38:00 INFO  CommonMethods - Sucessfully clicked on loginBtn_XPATH
2022-09-24 15:38:05 INFO  CommonMethods - Sucessfully clicked on CaseObject_XPATH
2022-09-24 15:38:10 INFO  CommonMethods - Sucessfully clicked on RequestType_XPATH
2022-09-24 15:38:13 INFO  CommonMethods - Sucessfully clicked on RequestSearchBox_XPATH
2022-09-24 15:38:13 INFO  CommonMethods - Data sucessfully entered on RequestSearchBox_XPATH = Account ownership
2022-09-24 15:38:17 INFO  CommonMethods - Sucessfully clicked on EnterArrow_XPATH
2022-09-24 15:38:20 INFO  CommonMethods - Sucessfully clicked on selectAccountOwnership_XPATH
2022-09-24 15:38:21 INFO  CommonMethods - Sucessfully clicked on HelpSymbol_XPATH
2022-09-24 15:38:21 INFO  CommonMethods - Sucessfully clicked on clickonRaisedbyRadiobutton_XPATH
2022-09-24 15:38:38 ERROR CommonMethods - Not Sucessfully clicked on RaisedbySearchBox_XPATH due to :chrome not reachable
  (Session info: chrome=105.0.5195.127)
Build info: version: '4.1.0', revision: '87802e897b'
System info: host: 'VIVEKZAMBRE', ip: '192.168.64.217', os.name: 'Windows 10', os.arch: 'amd64', os.version: '10.0', java.version: '17.0.2'
Driver info: org.openqa.selenium.chrome.ChromeDriver
Command: [97125a66503f802fd98f59e07981d9c1, findElement {using=xpath, value=//input[@name='Grid_SearchTextBox']}]
Capabilities {acceptInsecureCerts: false, browserName: chrome, browserVersion: 105.0.5195.127, chrome: {chromedriverVersion: 105.0.5195.52 (412c95e51883..., userDataDir: C:\Users\VIVEK~1.ZAM\AppDat...}, goog:chromeOptions: {debuggerAddress: localhost:54302}, javascriptEnabled: true, networkConnectionEnabled: false, pageLoadStrategy: normal, platform: WINDOWS, platformName: WINDOWS, proxy: Proxy(), se:cdp: ws://localhost:54302/devtoo..., se:cdpVersion: 105.0.5195.127, setWindowRect: true, strictFileInteractability: false, timeouts: {implicit: 0, pageLoad: 300000, script: 30000}, unhandledPromptBehavior: dismiss and notify, webauthn:extension:credBlob: true, webauthn:extension:largeBlob: true, webauthn:virtualAuthenticators: true}
Session ID: 97125a66503f802fd98f59e07981d9c1
