2022-11-16 14:57:44 INFO  Utils - [TestNG] Running:
  C:\Users\vivek.zambre\git\MasterFramework\MasterFramework\src\test\resources\RunnerFiles\testng.xml

2022-11-16 14:57:44 INFO  SetUp - Test Case_VerifyCRMLogin_Successfully Started
2022-11-16 14:57:53 INFO  WebDriverManager - Using chromedriver 107.0.5304.62 (resolved driver for Chrome 107)
2022-11-16 14:57:53 INFO  WebDriverManager - Reading https://chromedriver.storage.googleapis.com/ to seek chromedriver
2022-11-16 14:57:54 INFO  Downloader - Downloading https://chromedriver.storage.googleapis.com/107.0.5304.62/chromedriver_win32.zip
2022-11-16 14:57:56 INFO  Downloader - Extracting driver from compressed file chromedriver_win32.zip
2022-11-16 14:57:56 INFO  WebDriverManager - Exporting webdriver.chrome.driver as C:\Users\vivek.zambre\.cache\selenium\chromedriver\win32\107.0.5304.62\chromedriver.exe
2022-11-16 14:58:02 INFO  SetUp - Chrome Browser Launched..
2022-11-16 14:58:20 INFO  SetUp - URL : https://tucltest.crmnext.com/GOLD7_Dev/app/login/login
2022-11-16 14:58:20 INFO  ScreenShot - ScreenShot captured LoginPage || Status :Pass
2022-11-16 14:58:20 INFO  CommonMethods - Sucessfully clicked on Username_XPATH
2022-11-16 14:58:22 INFO  CommonMethods - Data sucessfully entered on Username_XPATH = apowle
2022-11-16 14:58:23 INFO  CommonMethods - Sucessfully clicked on password_XPATH
2022-11-16 14:58:25 INFO  CommonMethods - Data sucessfully entered on password_XPATH = acid_qa
2022-11-16 14:59:10 INFO  CommonMethods - Sucessfully clicked on loginBtn_XPATH
2022-11-16 14:59:14 INFO  CommonMethods - Sucessfully clicked on CaseObject_XPATH
2022-11-16 14:59:23 INFO  CommonMethods - Sucessfully clicked on RequestType_XPATH
2022-11-16 14:59:27 INFO  CommonMethods - Sucessfully clicked on RequestSearchBox_XPATH
2022-11-16 14:59:28 INFO  CommonMethods - Data sucessfully entered on RequestSearchBox_XPATH = Account ownership
2022-11-16 14:59:37 INFO  CommonMethods - Sucessfully clicked on selectAccountOwnership_XPATH
2022-11-16 14:59:40 INFO  CommonMethods - Sucessfully clicked on HelpSymbol_XPATH
2022-11-16 14:59:40 INFO  CommonMethods - Sucessfully clicked on clickonRaisedbyRadiobutton_XPATH
2022-11-16 14:59:43 INFO  CommonMethods - Sucessfully clicked on RaisedbySearchBox_XPATH
2022-11-16 14:59:44 INFO  CommonMethods - Data sucessfully entered on RaisedbySearchBox_XPATH = Consumer
2022-11-16 14:59:48 INFO  CommonMethods - Sucessfully clicked on EnterArrow_XPATH
2022-11-16 14:59:51 INFO  CommonMethods - Sucessfully clicked on SelectConsumer_XPATH
2022-11-16 14:59:51 ERROR SetUp - VerifyCRMLogin Get Failed due to 
no such element: Unable to locate element: {"method":"xpath","selector":"//select[@name='cust_161']"}
  (Session info: chrome=107.0.5304.107)
For documentation on this error, please visit: https://selenium.dev/exceptions/#no_such_element
Build info: version: '4.1.0', revision: '87802e897b'
System info: host: 'VIVEKZAMBRE', ip: '10.6.186.67', os.name: 'Windows 10', os.arch: 'amd64', os.version: '10.0', java.version: '17.0.2'
Driver info: org.openqa.selenium.chrome.ChromeDriver
Command: [53cde5f5d87bfe7fc088c40a1e948811, findElement {using=xpath, value=//select[@name='cust_161']}]
Capabilities {acceptInsecureCerts: false, browserName: chrome, browserVersion: 107.0.5304.107, chrome: {chromedriverVersion: 107.0.5304.62 (1eec40d3a576..., userDataDir: C:\Users\VIVEK~1.ZAM\AppDat...}, goog:chromeOptions: {debuggerAddress: localhost:63490}, javascriptEnabled: true, networkConnectionEnabled: false, pageLoadStrategy: normal, platform: WINDOWS, platformName: WINDOWS, proxy: Proxy(), se:cdp: ws://localhost:63490/devtoo..., se:cdpVersion: 107.0.5304.107, setWindowRect: true, strictFileInteractability: false, timeouts: {implicit: 0, pageLoad: 300000, script: 30000}, unhandledPromptBehavior: dismiss and notify, webauthn:extension:credBlob: true, webauthn:extension:largeBlob: true, webauthn:virtualAuthenticators: true}
Session ID: 53cde5f5d87bfe7fc088c40a1e948811
2022-11-16 14:59:51 INFO  ScreenShot - ScreenShot captured VerifyCRMLogin || Status :Fail
2022-11-16 14:59:52 INFO  CommonMethods - Row num for TestScenario = VerifyCRMLogin is = 1
2022-11-16 14:59:54 INFO  ExcelOperation - Write to excel with : Row=1 | Cell =3 | Data =Fail
2022-11-16 14:59:55 INFO  SetUp - Browser Closed..
2022-11-16 15:03:02 INFO  Utils - [TestNG] Running:
  C:\Users\vivek.zambre\git\MasterFramework\MasterFramework\src\test\resources\RunnerFiles\testng.xml

2022-11-16 15:03:02 INFO  SetUp - Test Case_VerifyCRMLogin_Successfully Started
2022-11-16 15:03:07 INFO  WebDriverManager - Using chromedriver 107.0.5304.62 (resolved driver for Chrome 107)
2022-11-16 15:03:07 INFO  WebDriverManager - Exporting webdriver.chrome.driver as C:\Users\vivek.zambre\.cache\selenium\chromedriver\win32\107.0.5304.62\chromedriver.exe
2022-11-16 15:03:09 INFO  SetUp - Chrome Browser Launched..
2022-11-16 15:03:13 INFO  SetUp - URL : https://tucltest.crmnext.com/GOLD7_Dev/app/login/login
2022-11-16 15:03:13 INFO  ScreenShot - ScreenShot captured LoginPage || Status :Pass
2022-11-16 15:03:14 INFO  CommonMethods - Sucessfully clicked on Username_XPATH
2022-11-16 15:03:15 INFO  CommonMethods - Data sucessfully entered on Username_XPATH = apowle
2022-11-16 15:03:16 INFO  CommonMethods - Sucessfully clicked on password_XPATH
2022-11-16 15:03:17 INFO  CommonMethods - Data sucessfully entered on password_XPATH = acid_qa
2022-11-16 15:03:22 INFO  CommonMethods - Sucessfully clicked on loginBtn_XPATH
2022-11-16 15:03:27 INFO  CommonMethods - Sucessfully clicked on CaseObject_XPATH
2022-11-16 15:03:32 INFO  CommonMethods - Sucessfully clicked on RequestType_XPATH
2022-11-16 15:03:35 INFO  CommonMethods - Sucessfully clicked on RequestSearchBox_XPATH
2022-11-16 15:03:37 INFO  CommonMethods - Data sucessfully entered on RequestSearchBox_XPATH = Account ownership
2022-11-16 15:03:45 INFO  CommonMethods - Sucessfully clicked on selectAccountOwnership_XPATH
2022-11-16 15:03:49 INFO  CommonMethods - Sucessfully clicked on HelpSymbol_XPATH
2022-11-16 15:03:49 INFO  CommonMethods - Sucessfully clicked on clickonRaisedbyRadiobutton_XPATH
2022-11-16 15:03:52 INFO  CommonMethods - Sucessfully clicked on RaisedbySearchBox_XPATH
2022-11-16 15:03:53 INFO  CommonMethods - Data sucessfully entered on RaisedbySearchBox_XPATH = Consumer
2022-11-16 15:03:57 INFO  CommonMethods - Sucessfully clicked on EnterArrow_XPATH
2022-11-16 15:04:00 INFO  CommonMethods - Sucessfully clicked on SelectConsumer_XPATH
2022-11-16 15:04:00 ERROR SetUp - VerifyCRMLogin Get Failed due to 
no such element: Unable to locate element: {"method":"xpath","selector":"//select[@name='cust_161']"}
  (Session info: chrome=107.0.5304.107)
For documentation on this error, please visit: https://selenium.dev/exceptions/#no_such_element
Build info: version: '4.1.0', revision: '87802e897b'
System info: host: 'VIVEKZAMBRE', ip: '10.6.186.67', os.name: 'Windows 10', os.arch: 'amd64', os.version: '10.0', java.version: '17.0.2'
Driver info: org.openqa.selenium.chrome.ChromeDriver
Command: [756e418c44d87bcd7a908f1db70dd8fb, findElement {using=xpath, value=//select[@name='cust_161']}]
Capabilities {acceptInsecureCerts: false, browserName: chrome, browserVersion: 107.0.5304.107, chrome: {chromedriverVersion: 107.0.5304.62 (1eec40d3a576..., userDataDir: C:\Users\VIVEK~1.ZAM\AppDat...}, goog:chromeOptions: {debuggerAddress: localhost:63628}, javascriptEnabled: true, networkConnectionEnabled: false, pageLoadStrategy: normal, platform: WINDOWS, platformName: WINDOWS, proxy: Proxy(), se:cdp: ws://localhost:63628/devtoo..., se:cdpVersion: 107.0.5304.107, setWindowRect: true, strictFileInteractability: false, timeouts: {implicit: 0, pageLoad: 300000, script: 30000}, unhandledPromptBehavior: dismiss and notify, webauthn:extension:credBlob: true, webauthn:extension:largeBlob: true, webauthn:virtualAuthenticators: true}
Session ID: 756e418c44d87bcd7a908f1db70dd8fb
2022-11-16 15:04:00 INFO  ScreenShot - ScreenShot captured VerifyCRMLogin || Status :Fail
2022-11-16 15:04:01 INFO  CommonMethods - Row num for TestScenario = VerifyCRMLogin is = 1
2022-11-16 15:04:02 INFO  ExcelOperation - Write to excel with : Row=1 | Cell =3 | Data =Fail
2022-11-16 15:04:04 WARN  WebSocketHandler - onError
java.net.SocketException: Connection reset
	at sun.nio.ch.SocketChannelImpl.throwConnectionReset(SocketChannelImpl.java:394) ~[?:?]
	at sun.nio.ch.SocketChannelImpl.read(SocketChannelImpl.java:426) ~[?:?]
	at io.netty.buffer.PooledByteBuf.setBytes(PooledByteBuf.java:253) ~[netty-buffer-4.1.69.Final.jar:4.1.69.Final]
	at io.netty.buffer.AbstractByteBuf.writeBytes(AbstractByteBuf.java:1132) ~[netty-buffer-4.1.69.Final.jar:4.1.69.Final]
	at io.netty.channel.socket.nio.NioSocketChannel.doReadBytes(NioSocketChannel.java:350) ~[netty-transport-4.1.69.Final.jar:4.1.69.Final]
	at io.netty.channel.nio.AbstractNioByteChannel$NioByteUnsafe.read(AbstractNioByteChannel.java:151) [netty-transport-4.1.69.Final.jar:4.1.69.Final]
	at io.netty.channel.nio.NioEventLoop.processSelectedKey(NioEventLoop.java:719) [netty-transport-4.1.69.Final.jar:4.1.69.Final]
	at io.netty.channel.nio.NioEventLoop.processSelectedKeysOptimized(NioEventLoop.java:655) [netty-transport-4.1.69.Final.jar:4.1.69.Final]
	at io.netty.channel.nio.NioEventLoop.processSelectedKeys(NioEventLoop.java:581) [netty-transport-4.1.69.Final.jar:4.1.69.Final]
	at io.netty.channel.nio.NioEventLoop.run(NioEventLoop.java:493) [netty-transport-4.1.69.Final.jar:4.1.69.Final]
	at io.netty.util.concurrent.SingleThreadEventExecutor$4.run(SingleThreadEventExecutor.java:986) [netty-common-4.1.69.Final.jar:4.1.69.Final]
	at io.netty.util.internal.ThreadExecutorMap$2.run(ThreadExecutorMap.java:74) [netty-common-4.1.69.Final.jar:4.1.69.Final]
	at io.netty.util.concurrent.FastThreadLocalRunnable.run(FastThreadLocalRunnable.java:30) [netty-common-4.1.69.Final.jar:4.1.69.Final]
	at java.lang.Thread.run(Thread.java:833) [?:?]
2022-11-16 15:04:04 INFO  SetUp - Browser Closed..
2022-11-16 15:09:07 INFO  Utils - [TestNG] Running:
  C:\Users\vivek.zambre\git\MasterFramework\MasterFramework\src\test\resources\RunnerFiles\testng.xml

2022-11-16 15:09:07 INFO  SetUp - Test Case_VerifyCRMLogin_Successfully Started
2022-11-16 15:09:13 INFO  WebDriverManager - Using chromedriver 107.0.5304.62 (resolved driver for Chrome 107)
2022-11-16 15:09:13 INFO  WebDriverManager - Exporting webdriver.chrome.driver as C:\Users\vivek.zambre\.cache\selenium\chromedriver\win32\107.0.5304.62\chromedriver.exe
2022-11-16 15:09:17 INFO  SetUp - Chrome Browser Launched..
2022-11-16 15:09:19 INFO  SetUp - URL : https://tucltest.crmnext.com/GOLD7_Dev/app/login/login
2022-11-16 15:09:20 INFO  ScreenShot - ScreenShot captured LoginPage || Status :Pass
2022-11-16 15:09:20 INFO  CommonMethods - Sucessfully clicked on Username_XPATH
2022-11-16 15:09:21 INFO  CommonMethods - Data sucessfully entered on Username_XPATH = apowle
2022-11-16 15:09:22 INFO  CommonMethods - Sucessfully clicked on password_XPATH
2022-11-16 15:09:23 INFO  CommonMethods - Data sucessfully entered on password_XPATH = acid_qa
2022-11-16 15:09:29 INFO  CommonMethods - Sucessfully clicked on loginBtn_XPATH
2022-11-16 15:09:34 INFO  CommonMethods - Sucessfully clicked on CaseObject_XPATH
2022-11-16 15:09:38 INFO  CommonMethods - Sucessfully clicked on RequestType_XPATH
2022-11-16 15:09:41 INFO  CommonMethods - Sucessfully clicked on RequestSearchBox_XPATH
2022-11-16 15:09:43 INFO  CommonMethods - Data sucessfully entered on RequestSearchBox_XPATH = Account ownership
2022-11-16 15:09:52 INFO  CommonMethods - Sucessfully clicked on selectAccountOwnership_XPATH
2022-11-16 15:09:55 INFO  CommonMethods - Sucessfully clicked on HelpSymbol_XPATH
2022-11-16 15:09:55 INFO  CommonMethods - Sucessfully clicked on clickonRaisedbyRadiobutton_XPATH
2022-11-16 15:09:58 INFO  CommonMethods - Sucessfully clicked on RaisedbySearchBox_XPATH
2022-11-16 15:09:59 INFO  CommonMethods - Data sucessfully entered on RaisedbySearchBox_XPATH = Consumer
2022-11-16 15:10:03 INFO  CommonMethods - Sucessfully clicked on EnterArrow_XPATH
2022-11-16 15:10:06 INFO  CommonMethods - Sucessfully clicked on SelectConsumer_XPATH
2022-11-16 15:10:06 ERROR SetUp - VerifyCRMLogin Get Failed due to 
no such element: Unable to locate element: {"method":"xpath","selector":"//select[@name='cust_161']"}
  (Session info: chrome=107.0.5304.107)
For documentation on this error, please visit: https://selenium.dev/exceptions/#no_such_element
Build info: version: '4.1.0', revision: '87802e897b'
System info: host: 'VIVEKZAMBRE', ip: '10.6.186.67', os.name: 'Windows 10', os.arch: 'amd64', os.version: '10.0', java.version: '17.0.2'
Driver info: org.openqa.selenium.chrome.ChromeDriver
Command: [e6dc76cfb26bced49b4f688a8c7c252c, findElement {using=xpath, value=//select[@name='cust_161']}]
Capabilities {acceptInsecureCerts: false, browserName: chrome, browserVersion: 107.0.5304.107, chrome: {chromedriverVersion: 107.0.5304.62 (1eec40d3a576..., userDataDir: C:\Users\VIVEK~1.ZAM\AppDat...}, goog:chromeOptions: {debuggerAddress: localhost:63753}, javascriptEnabled: true, networkConnectionEnabled: false, pageLoadStrategy: normal, platform: WINDOWS, platformName: WINDOWS, proxy: Proxy(), se:cdp: ws://localhost:63753/devtoo..., se:cdpVersion: 107.0.5304.107, setWindowRect: true, strictFileInteractability: false, timeouts: {implicit: 0, pageLoad: 300000, script: 30000}, unhandledPromptBehavior: dismiss and notify, webauthn:extension:credBlob: true, webauthn:extension:largeBlob: true, webauthn:virtualAuthenticators: true}
Session ID: e6dc76cfb26bced49b4f688a8c7c252c
2022-11-16 15:10:06 INFO  ScreenShot - ScreenShot captured VerifyCRMLogin || Status :Fail
2022-11-16 15:10:07 INFO  CommonMethods - Row num for TestScenario = VerifyCRMLogin is = 1
2022-11-16 15:10:08 INFO  ExcelOperation - Write to excel with : Row=1 | Cell =3 | Data =Fail
2022-11-16 15:10:10 WARN  WebSocketHandler - onError
java.net.SocketException: Connection reset
	at sun.nio.ch.SocketChannelImpl.throwConnectionReset(SocketChannelImpl.java:394) ~[?:?]
	at sun.nio.ch.SocketChannelImpl.read(SocketChannelImpl.java:426) ~[?:?]
	at io.netty.buffer.PooledByteBuf.setBytes(PooledByteBuf.java:253) ~[netty-buffer-4.1.69.Final.jar:4.1.69.Final]
	at io.netty.buffer.AbstractByteBuf.writeBytes(AbstractByteBuf.java:1132) ~[netty-buffer-4.1.69.Final.jar:4.1.69.Final]
	at io.netty.channel.socket.nio.NioSocketChannel.doReadBytes(NioSocketChannel.java:350) ~[netty-transport-4.1.69.Final.jar:4.1.69.Final]
	at io.netty.channel.nio.AbstractNioByteChannel$NioByteUnsafe.read(AbstractNioByteChannel.java:151) [netty-transport-4.1.69.Final.jar:4.1.69.Final]
	at io.netty.channel.nio.NioEventLoop.processSelectedKey(NioEventLoop.java:719) [netty-transport-4.1.69.Final.jar:4.1.69.Final]
	at io.netty.channel.nio.NioEventLoop.processSelectedKeysOptimized(NioEventLoop.java:655) [netty-transport-4.1.69.Final.jar:4.1.69.Final]
	at io.netty.channel.nio.NioEventLoop.processSelectedKeys(NioEventLoop.java:581) [netty-transport-4.1.69.Final.jar:4.1.69.Final]
	at io.netty.channel.nio.NioEventLoop.run(NioEventLoop.java:493) [netty-transport-4.1.69.Final.jar:4.1.69.Final]
	at io.netty.util.concurrent.SingleThreadEventExecutor$4.run(SingleThreadEventExecutor.java:986) [netty-common-4.1.69.Final.jar:4.1.69.Final]
	at io.netty.util.internal.ThreadExecutorMap$2.run(ThreadExecutorMap.java:74) [netty-common-4.1.69.Final.jar:4.1.69.Final]
	at io.netty.util.concurrent.FastThreadLocalRunnable.run(FastThreadLocalRunnable.java:30) [netty-common-4.1.69.Final.jar:4.1.69.Final]
	at java.lang.Thread.run(Thread.java:833) [?:?]
2022-11-16 15:10:10 INFO  SetUp - Browser Closed..
